{"logTime": "1130/222448", "correlationVector":"amJiP0qWmnaB8QvQDCXZEI.5","action":"GetUpdates", "result":"DeleteReceived", "context":{"id":"637c266b-0b22-4a8e-bc47-38f640af8113", "isDeleted:":"true", "version":"1705190838952"}}
{"logTime": "1130/222448", "correlationVector":"amJiP0qWmnaB8QvQDCXZEI.6","action":"GetUpdates", "result":"DeleteReceived", "context":{"id":"f679a30f-d01b-44bf-9c0c-98f1cb687541", "isDeleted:":"true", "version":"1708974513017"}}
{"logTime": "1130/222448", "correlationVector":"amJiP0qWmnaB8QvQDCXZEI.7","action":"GetUpdates", "result":"DeleteReceived", "context":{"id":"ae44e59e-182d-4d77-bb9f-106078be1bf7", "isDeleted:":"true", "version":"1709940774949"}}
{"logTime": "1130/222448", "correlationVector":"amJiP0qWmnaB8QvQDCXZEI.8","action":"GetUpdates", "result":"DeleteReceived", "context":{"id":"1562e350-22be-441b-950e-5147aa25f06f", "isDeleted:":"true", "version":"1709940774950"}}
{"logTime": "1130/222448", "correlationVector":"amJiP0qWmnaB8QvQDCXZEI.9","action":"GetUpdates", "result":"DeleteReceived", "context":{"id":"0a1f8ecb-4a78-40fd-ab27-89235e176c3a", "isDeleted:":"true", "version":"1711046314016"}}
{"logTime": "1130/222448", "correlationVector":"amJiP0qWmnaB8QvQDCXZEI.10","action":"GetUpdates", "result":"DeleteReceived", "context":{"id":"66c27af8-c021-410f-98b2-2a1a14ec8258", "isDeleted:":"true", "version":"1711046427370"}}
{"logTime": "1130/222448", "correlationVector":"amJiP0qWmnaB8QvQDCXZEI.11","action":"GetUpdates", "result":"DeleteReceived", "context":{"id":"e421c268-2a06-496a-978c-17cc592db021", "isDeleted:":"true", "version":"1711046429970"}}
{"logTime": "1130/222448", "correlationVector":"amJiP0qWmnaB8QvQDCXZEI.12","action":"GetUpdates", "result":"DeleteReceived", "context":{"id":"e74423de-8eeb-424c-900f-67bf66d54da5", "isDeleted:":"true", "version":"1711046432585"}}
{"logTime": "1130/222448", "correlationVector":"amJiP0qWmnaB8QvQDCXZEI.13","action":"GetUpdates", "result":"DeleteReceived", "context":{"id":"8648843a-cb10-4ec8-9808-f6b3f9a1a0f1", "isDeleted:":"true", "version":"1711046434276"}}
{"logTime": "1130/222448", "correlationVector":"amJiP0qWmnaB8QvQDCXZEI.14","action":"GetUpdates", "result":"DeleteReceived", "context":{"id":"096b6e2f-3cca-44b3-ad22-981eb2245e4c", "isDeleted:":"true", "version":"1711046435668"}}
{"logTime": "1130/222448", "correlationVector":"amJiP0qWmnaB8QvQDCXZEI.15","action":"GetUpdates", "result":"DeleteReceived", "context":{"id":"5d22a5ab-b5c3-4a7d-8196-a5c376425624", "isDeleted:":"true", "version":"1711046437106"}}
{"logTime": "1130/222448", "correlationVector":"amJiP0qWmnaB8QvQDCXZEI.16","action":"GetUpdates", "result":"DeleteReceived", "context":{"id":"d30ad808-231b-4db1-a4eb-7d71b8a78168", "isDeleted:":"true", "version":"1711046446017"}}
{"logTime": "1130/222448", "correlationVector":"amJiP0qWmnaB8QvQDCXZEI.17","action":"GetUpdates", "result":"DeleteReceived", "context":{"id":"5d6b3f73-0303-4892-932a-28e6805c3234", "isDeleted:":"true", "version":"1711046447470"}}
{"logTime": "1130/222448", "correlationVector":"amJiP0qWmnaB8QvQDCXZEI.18","action":"GetUpdates", "result":"DeleteReceived", "context":{"id":"55059063-a5d1-486a-beea-43e32ae494fc", "isDeleted:":"true", "version":"1711046450335"}}
{"logTime": "1130/222448", "correlationVector":"amJiP0qWmnaB8QvQDCXZEI.19","action":"GetUpdates", "result":"DeleteReceived", "context":{"id":"1cc2e74d-b4cc-49ef-b8b4-6c3f032bfee6", "isDeleted:":"true", "version":"1711911695518"}}
{"logTime": "1130/222448", "correlationVector":"amJiP0qWmnaB8QvQDCXZEI.20","action":"GetUpdates", "result":"DeleteReceived", "context":{"id":"aba6b6e8-5446-4b8a-bbd7-a97c8084dab3", "isDeleted:":"true", "version":"1714762359829"}}
{"logTime": "1130/222448", "correlationVector":"amJiP0qWmnaB8QvQDCXZEI.21","action":"GetUpdates", "result":"DeleteReceived", "context":{"id":"72aa9ae8-8e37-4020-b1b1-279a0cb1af44", "isDeleted:":"true", "version":"1715051353864"}}
{"logTime": "1130/222448", "correlationVector":"amJiP0qWmnaB8QvQDCXZEI.22","action":"GetUpdates", "result":"DeleteReceived", "context":{"id":"da6ae0e7-ec50-4d9e-baf4-4c7f7b0b1509", "isDeleted:":"true", "version":"1715456811004"}}
{"logTime": "1130/222448", "correlationVector":"amJiP0qWmnaB8QvQDCXZEI.23","action":"GetUpdates", "result":"DeleteReceived", "context":{"id":"1f4c6645-ca90-4d4b-a59d-2dcfa472df37", "isDeleted:":"true", "version":"1715460729571"}}
{"logTime": "1130/222448", "correlationVector":"amJiP0qWmnaB8QvQDCXZEI.24","action":"GetUpdates", "result":"DeleteReceived", "context":{"id":"867e739d-ed1f-4b37-933f-061e95c8193c", "isDeleted:":"true", "version":"1716240534408"}}
{"logTime": "1130/222448", "correlationVector":"amJiP0qWmnaB8QvQDCXZEI.25","action":"GetUpdates", "result":"DeleteReceived", "context":{"id":"15f0dca4-d379-448d-a8b1-8b4283c93e5b", "isDeleted:":"true", "version":"1722026895835"}}
{"logTime": "1130/222448", "correlationVector":"amJiP0qWmnaB8QvQDCXZEI.26","action":"GetUpdates", "result":"DeleteReceived", "context":{"id":"0182c0d6-a8ae-4597-8a44-d875e3fb874e", "isDeleted:":"true", "version":"1722026897172"}}
{"logTime": "1130/222448", "correlationVector":"amJiP0qWmnaB8QvQDCXZEI.27","action":"GetUpdates", "result":"DeleteReceived", "context":{"id":"52e257a9-bcb6-4c88-9781-208c90b20bd4", "isDeleted:":"true", "version":"1722026898522"}}
{"logTime": "1130/222448", "correlationVector":"amJiP0qWmnaB8QvQDCXZEI.28","action":"GetUpdates", "result":"DeleteReceived", "context":{"id":"e163a82e-5a41-4243-adaa-3daa824be616", "isDeleted:":"true", "version":"1722026899918"}}
{"logTime": "1130/222448", "correlationVector":"amJiP0qWmnaB8QvQDCXZEI.29","action":"GetUpdates", "result":"DeleteReceived", "context":{"id":"4c5f0e9a-f1e2-411b-a40e-ce9d9f43f934", "isDeleted:":"true", "version":"1722026901336"}}
{"logTime": "1130/222448", "correlationVector":"amJiP0qWmnaB8QvQDCXZEI.30","action":"GetUpdates", "result":"DeleteReceived", "context":{"id":"9ecff0c3-1af2-40ed-96f7-f10f5522ccf9", "isDeleted:":"true", "version":"1722026902715"}}
{"logTime": "1130/222448", "correlationVector":"amJiP0qWmnaB8QvQDCXZEI.31","action":"GetUpdates", "result":"DeleteReceived", "context":{"id":"e4b7f0f0-18a3-4fb1-a87b-2d6952417577", "isDeleted:":"true", "version":"1722026904035"}}
{"logTime": "1130/222448", "correlationVector":"amJiP0qWmnaB8QvQDCXZEI.32","action":"GetUpdates", "result":"DeleteReceived", "context":{"id":"19d7200e-4b01-4b5f-806e-7bdc960628c1", "isDeleted:":"true", "version":"1722026910065"}}
{"logTime": "1130/222448", "correlationVector":"amJiP0qWmnaB8QvQDCXZEI.33","action":"GetUpdates", "result":"DeleteReceived", "context":{"id":"15a1bea9-9617-428a-b19e-c8c0d09464c3", "isDeleted:":"true", "version":"1722459400912"}}
{"logTime": "1130/222448", "correlationVector":"amJiP0qWmnaB8QvQDCXZEI.34","action":"GetUpdates", "result":"DeleteReceived", "context":{"id":"9f341277-36f5-43bf-9f91-4a60728cfba8", "isDeleted:":"true", "version":"1723395590626"}}
{"logTime": "1130/222448", "correlationVector":"amJiP0qWmnaB8QvQDCXZEI.35","action":"GetUpdates", "result":"DeleteReceived", "context":{"id":"5565257b-3eef-4d2f-be09-05f94cb884f2", "isDeleted:":"true", "version":"1725576682628"}}
{"logTime": "1130/222448", "correlationVector":"amJiP0qWmnaB8QvQDCXZEI.36","action":"GetUpdates", "result":"DeleteReceived", "context":{"id":"e0f67daa-21d2-49df-b34f-5a0189ec183c", "isDeleted:":"true", "version":"1726068503902"}}
{"logTime": "1130/222448", "correlationVector":"amJiP0qWmnaB8QvQDCXZEI.37","action":"GetUpdates", "result":"DeleteReceived", "context":{"id":"5ee46864-18a3-43c9-80a8-9f98e6a8e29c", "isDeleted:":"true", "version":"1726107912697"}}
{"logTime": "1130/222448", "correlationVector":"amJiP0qWmnaB8QvQDCXZEI.38","action":"GetUpdates", "result":"DeleteReceived", "context":{"id":"35696b0f-5ec6-4d00-b284-9352144489cd", "isDeleted:":"true", "version":"1726788306020"}}
{"logTime": "1130/222448", "correlationVector":"amJiP0qWmnaB8QvQDCXZEI.39","action":"GetUpdates Response", "result":"Success", "context":Received 200 update(s). cV=amJiP0qWmnaB8QvQDCXZEI.0;server=GENERAL01000023;cloudType=Consumer;environment=Prod_NorthCentralUS_000g;migrationStage=NotStarted}
{"logTime": "1130/222450", "correlationVector":"+B+pd8px2Ey/RBmmngkIC9","action":"Normal GetUpdate request", "result":"", "context":cV=+B+pd8px2Ey/RBmmngkIC9
Nudged types: Sessions, Device Info
Refresh requested types: Bookmarks, Preferences, Passwords, Autofill Profiles, Autofill, Typed URLs, Extensions, Sessions, Extension settings, History Delete Directives, Device Info, User Consents, Send Tab To Self, Web Apps, Collection, Edge E Drop, Edge Hub App Usage, Edge Tab Group, Edge Wallet, Encryption Keys}
{"logTime": "1130/222450", "correlationVector":"+B+pd8px2Ey/RBmmngkIC9.1","action":"SyncServerConnectionManagerRequest", "result":"SYNC_SERVER_OK", "context":{"environment":"Prod_NorthCentralUS_000g", "migrationStage":"NotStarted", "server":"GENERAL0100002M"}}
{"logTime": "1130/222450", "correlationVector":"+B+pd8px2Ey/RBmmngkIC9.2","action":"GetUpdates", "result":"DeleteReceived", "context":{"id":"73c3b966-11fc-4a66-b3e7-5f57fc04a592", "isDeleted:":"true", "version":"1733004959182"}}
{"logTime": "1130/222450", "correlationVector":"+B+pd8px2Ey/RBmmngkIC9.3","action":"GetUpdates", "result":"DeleteReceived", "context":{"id":"e36df742-6cf6-49f2-b9db-04b87f4acd43", "isDeleted:":"true", "version":"1733005075868"}}
{"logTime": "1130/222450", "correlationVector":"+B+pd8px2Ey/RBmmngkIC9.4","action":"GetUpdates Response", "result":"Success", "context":Received 12 update(s). cV=+B+pd8px2Ey/RBmmngkIC9.0;server=GENERAL0100002M;cloudType=Consumer;environment=Prod_NorthCentralUS_000g;migrationStage=NotStarted}
{"logTime": "1130/222450", "correlationVector":"d1xnx6dUoct/0DN+4pTmV5","action":"Commit Request", "result":"", "context":Item count: 4
Contributing types: Sessions, Device Info}
{"logTime": "1130/222452", "correlationVector":"d1xnx6dUoct/0DN+4pTmV5.1","action":"SyncServerConnectionManagerRequest", "result":"SYNC_SERVER_OK", "context":{"environment":"Prod_NorthCentralUS_000g", "migrationStage":"NotStarted", "server":"GENERAL0100000H"}}
{"logTime": "1130/222452", "correlationVector":"d1xnx6dUoct/0DN+4pTmV5.2","action":"Commit Response", "result":"Success", "context":Result: Success. cV=d1xnx6dUoct/0DN+4pTmV5.0;server=GENERAL0100000H;cloudType=Consumer;environment=Prod_NorthCentralUS_000g;migrationStage=NotStarted}
{"logTime": "1130/222452", "correlationVector":"d1xnx6dUoct/0DN+4pTmV5.3","action":"Commit.Sessions", "result":"Success", "context":{"id":"93f1810f-766b-466d-93c3-53a97413fd53", "isDeleted":"true", "size":"0", "version":"1733004959181"}}
{"logTime": "1130/222504", "correlationVector":"+ODFzSoUA63tHBjkL/N+AK","action":"Commit Request", "result":"", "context":Item count: 1
Contributing types: Preferences}
{"logTime": "1130/222505", "correlationVector":"+ODFzSoUA63tHBjkL/N+AK.1","action":"SyncServerConnectionManagerRequest", "result":"SYNC_SERVER_OK", "context":{"environment":"Prod_NorthCentralUS_000g", "migrationStage":"NotStarted", "server":"GENERAL0100000B"}}
{"logTime": "1130/222505", "correlationVector":"+ODFzSoUA63tHBjkL/N+AK.2","action":"Commit Response", "result":"Success", "context":Result: Success. cV=+ODFzSoUA63tHBjkL/N+AK.0;server=GENERAL0100000B;cloudType=Consumer;environment=Prod_NorthCentralUS_000g;migrationStage=NotStarted}
{"logTime": "1130/222755", "correlationVector":"bZqO1Q3JhsVyUKot1Urqtx.1","action":"SyncServerConnectionManagerRequest", "result":"SYNC_SERVER_OK", "context":{"environment":"Prod_NorthCentralUS_000g", "migrationStage":"NotStarted", "server":"GENERAL0100000H"}}
{"logTime": "1130/222756", "correlationVector":"5CMy9Z2FdLLQD0OQpLxS8u","action":"SyncServerConnectionManagerRequest", "result":"SYNC_SERVER_OK", "context":{"environment":"", "migrationStage":"", "server":""}}
{"logTime": "1130/222756", "correlationVector":"bZqO1Q3JhsVyUKot1Urqtx","action":"Initial GetUpdates", "result":"", "context":Reason: NEW_CLIENT. cV=bZqO1Q3JhsVyUKot1Urqtx}
{"logTime": "1130/222756", "correlationVector":"bZqO1Q3JhsVyUKot1Urqtx.2","action":"GetUpdates Response", "result":"Success", "context":Received 1 update(s). cV=bZqO1Q3JhsVyUKot1Urqtx.0;server=GENERAL0100000H;cloudType=Consumer;environment=Prod_NorthCentralUS_000g;migrationStage=NotStarted}
{"logTime": "1130/222756", "correlationVector":"z6jNYSo8RnrDVTN1Kwe1ie","action":"Initial GetUpdates", "result":"", "context":Reason: NEWLY_SUPPORTED_DATATYPE. cV=z6jNYSo8RnrDVTN1Kwe1ie}
{"logTime": "1130/222756", "correlationVector":"z6jNYSo8RnrDVTN1Kwe1ie.1","action":"SyncServerConnectionManagerRequest", "result":"SYNC_SERVER_OK", "context":{"environment":"Prod_NorthCentralUS_000g", "migrationStage":"NotStarted", "server":"GENERAL0100001N"}}
{"logTime": "1130/222756", "correlationVector":"z6jNYSo8RnrDVTN1Kwe1ie.2","action":"GetUpdates", "result":"DeleteReceived", "context":{"id":"d7e85615-2866-4ef4-af9a-69be86aca7e6", "isDeleted:":"true", "version":"1702614621353"}}
{"logTime": "1130/222756", "correlationVector":"z6jNYSo8RnrDVTN1Kwe1ie.3","action":"GetUpdates", "result":"DeleteReceived", "context":{"id":"fb655105-3185-42b0-b72a-b1c154c0ecb7", "isDeleted:":"true", "version":"1705010019343"}}
{"logTime": "1130/222756", "correlationVector":"z6jNYSo8RnrDVTN1Kwe1ie.4","action":"GetUpdates", "result":"DeleteReceived", "context":{"id":"d351ea83-197f-45c7-b5dd-5e29fd70cdba", "isDeleted:":"true", "version":"1705190003387"}}
{"logTime": "1130/222756", "correlationVector":"z6jNYSo8RnrDVTN1Kwe1ie.5","action":"GetUpdates", "result":"DeleteReceived", "context":{"id":"637c266b-0b22-4a8e-bc47-38f640af8113", "isDeleted:":"true", "version":"1705190838952"}}
{"logTime": "1130/222756", "correlationVector":"z6jNYSo8RnrDVTN1Kwe1ie.6","action":"GetUpdates", "result":"DeleteReceived", "context":{"id":"f679a30f-d01b-44bf-9c0c-98f1cb687541", "isDeleted:":"true", "version":"1708974513017"}}
{"logTime": "1130/222756", "correlationVector":"z6jNYSo8RnrDVTN1Kwe1ie.7","action":"GetUpdates", "result":"DeleteReceived", "context":{"id":"ae44e59e-182d-4d77-bb9f-106078be1bf7", "isDeleted:":"true", "version":"1709940774949"}}
{"logTime": "1130/222756", "correlationVector":"z6jNYSo8RnrDVTN1Kwe1ie.8","action":"GetUpdates", "result":"DeleteReceived", "context":{"id":"1562e350-22be-441b-950e-5147aa25f06f", "isDeleted:":"true", "version":"1709940774950"}}
{"logTime": "1130/222756", "correlationVector":"z6jNYSo8RnrDVTN1Kwe1ie.9","action":"GetUpdates", "result":"DeleteReceived", "context":{"id":"0a1f8ecb-4a78-40fd-ab27-89235e176c3a", "isDeleted:":"true", "version":"1711046314016"}}
{"logTime": "1130/222756", "correlationVector":"z6jNYSo8RnrDVTN1Kwe1ie.10","action":"GetUpdates", "result":"DeleteReceived", "context":{"id":"66c27af8-c021-410f-98b2-2a1a14ec8258", "isDeleted:":"true", "version":"1711046427370"}}
{"logTime": "1130/222756", "correlationVector":"z6jNYSo8RnrDVTN1Kwe1ie.11","action":"GetUpdates", "result":"DeleteReceived", "context":{"id":"e421c268-2a06-496a-978c-17cc592db021", "isDeleted:":"true", "version":"1711046429970"}}
{"logTime": "1130/222756", "correlationVector":"z6jNYSo8RnrDVTN1Kwe1ie.12","action":"GetUpdates", "result":"DeleteReceived", "context":{"id":"e74423de-8eeb-424c-900f-67bf66d54da5", "isDeleted:":"true", "version":"1711046432585"}}
{"logTime": "1130/222756", "correlationVector":"z6jNYSo8RnrDVTN1Kwe1ie.13","action":"GetUpdates", "result":"DeleteReceived", "context":{"id":"8648843a-cb10-4ec8-9808-f6b3f9a1a0f1", "isDeleted:":"true", "version":"1711046434276"}}
{"logTime": "1130/222756", "correlationVector":"z6jNYSo8RnrDVTN1Kwe1ie.14","action":"GetUpdates", "result":"DeleteReceived", "context":{"id":"096b6e2f-3cca-44b3-ad22-981eb2245e4c", "isDeleted:":"true", "version":"1711046435668"}}
{"logTime": "1130/222756", "correlationVector":"z6jNYSo8RnrDVTN1Kwe1ie.15","action":"GetUpdates", "result":"DeleteReceived", "context":{"id":"5d22a5ab-b5c3-4a7d-8196-a5c376425624", "isDeleted:":"true", "version":"1711046437106"}}
{"logTime": "1130/222756", "correlationVector":"z6jNYSo8RnrDVTN1Kwe1ie.16","action":"GetUpdates", "result":"DeleteReceived", "context":{"id":"d30ad808-231b-4db1-a4eb-7d71b8a78168", "isDeleted:":"true", "version":"1711046446017"}}
{"logTime": "1130/222756", "correlationVector":"z6jNYSo8RnrDVTN1Kwe1ie.17","action":"GetUpdates", "result":"DeleteReceived", "context":{"id":"5d6b3f73-0303-4892-932a-28e6805c3234", "isDeleted:":"true", "version":"1711046447470"}}
{"logTime": "1130/222756", "correlationVector":"z6jNYSo8RnrDVTN1Kwe1ie.18","action":"GetUpdates", "result":"DeleteReceived", "context":{"id":"55059063-a5d1-486a-beea-43e32ae494fc", "isDeleted:":"true", "version":"1711046450335"}}
{"logTime": "1130/222756", "correlationVector":"z6jNYSo8RnrDVTN1Kwe1ie.19","action":"GetUpdates", "result":"DeleteReceived", "context":{"id":"1cc2e74d-b4cc-49ef-b8b4-6c3f032bfee6", "isDeleted:":"true", "version":"1711911695518"}}
{"logTime": "1130/222756", "correlationVector":"z6jNYSo8RnrDVTN1Kwe1ie.20","action":"GetUpdates", "result":"DeleteReceived", "context":{"id":"aba6b6e8-5446-4b8a-bbd7-a97c8084dab3", "isDeleted:":"true", "version":"1714762359829"}}
{"logTime": "1130/222756", "correlationVector":"z6jNYSo8RnrDVTN1Kwe1ie.21","action":"GetUpdates", "result":"DeleteReceived", "context":{"id":"72aa9ae8-8e37-4020-b1b1-279a0cb1af44", "isDeleted:":"true", "version":"1715051353864"}}
{"logTime": "1130/222756", "correlationVector":"z6jNYSo8RnrDVTN1Kwe1ie.22","action":"GetUpdates", "result":"DeleteReceived", "context":{"id":"da6ae0e7-ec50-4d9e-baf4-4c7f7b0b1509", "isDeleted:":"true", "version":"1715456811004"}}
{"logTime": "1130/222756", "correlationVector":"z6jNYSo8RnrDVTN1Kwe1ie.23","action":"GetUpdates", "result":"DeleteReceived", "context":{"id":"1f4c6645-ca90-4d4b-a59d-2dcfa472df37", "isDeleted:":"true", "version":"1715460729571"}}
{"logTime": "1130/222756", "correlationVector":"z6jNYSo8RnrDVTN1Kwe1ie.24","action":"GetUpdates", "result":"DeleteReceived", "context":{"id":"867e739d-ed1f-4b37-933f-061e95c8193c", "isDeleted:":"true", "version":"1716240534408"}}
{"logTime": "1130/222756", "correlationVector":"z6jNYSo8RnrDVTN1Kwe1ie.25","action":"GetUpdates", "result":"DeleteReceived", "context":{"id":"15f0dca4-d379-448d-a8b1-8b4283c93e5b", "isDeleted:":"true", "version":"1722026895835"}}
{"logTime": "1130/222756", "correlationVector":"z6jNYSo8RnrDVTN1Kwe1ie.26","action":"GetUpdates", "result":"DeleteReceived", "context":{"id":"0182c0d6-a8ae-4597-8a44-d875e3fb874e", "isDeleted:":"true", "version":"1722026897172"}}
{"logTime": "1130/222756", "correlationVector":"z6jNYSo8RnrDVTN1Kwe1ie.27","action":"GetUpdates", "result":"DeleteReceived", "context":{"id":"52e257a9-bcb6-4c88-9781-208c90b20bd4", "isDeleted:":"true", "version":"1722026898522"}}
{"logTime": "1130/222756", "correlationVector":"z6jNYSo8RnrDVTN1Kwe1ie.28","action":"GetUpdates", "result":"DeleteReceived", "context":{"id":"e163a82e-5a41-4243-adaa-3daa824be616", "isDeleted:":"true", "version":"1722026899918"}}
{"logTime": "1130/222756", "correlationVector":"z6jNYSo8RnrDVTN1Kwe1ie.29","action":"GetUpdates", "result":"DeleteReceived", "context":{"id":"4c5f0e9a-f1e2-411b-a40e-ce9d9f43f934", "isDeleted:":"true", "version":"1722026901336"}}
{"logTime": "1130/222756", "correlationVector":"z6jNYSo8RnrDVTN1Kwe1ie.30","action":"GetUpdates", "result":"DeleteReceived", "context":{"id":"9ecff0c3-1af2-40ed-96f7-f10f5522ccf9", "isDeleted:":"true", "version":"1722026902715"}}
{"logTime": "1130/222756", "correlationVector":"z6jNYSo8RnrDVTN1Kwe1ie.31","action":"GetUpdates", "result":"DeleteReceived", "context":{"id":"e4b7f0f0-18a3-4fb1-a87b-2d6952417577", "isDeleted:":"true", "version":"1722026904035"}}
{"logTime": "1130/222756", "correlationVector":"z6jNYSo8RnrDVTN1Kwe1ie.32","action":"GetUpdates", "result":"DeleteReceived", "context":{"id":"19d7200e-4b01-4b5f-806e-7bdc960628c1", "isDeleted:":"true", "version":"1722026910065"}}
{"logTime": "1130/222756", "correlationVector":"z6jNYSo8RnrDVTN1Kwe1ie.33","action":"GetUpdates", "result":"DeleteReceived", "context":{"id":"15a1bea9-9617-428a-b19e-c8c0d09464c3", "isDeleted:":"true", "version":"1722459400912"}}
{"logTime": "1130/222756", "correlationVector":"z6jNYSo8RnrDVTN1Kwe1ie.34","action":"GetUpdates", "result":"DeleteReceived", "context":{"id":"9f341277-36f5-43bf-9f91-4a60728cfba8", "isDeleted:":"true", "version":"1723395590626"}}
{"logTime": "1130/222756", "correlationVector":"z6jNYSo8RnrDVTN1Kwe1ie.35","action":"GetUpdates", "result":"DeleteReceived", "context":{"id":"5565257b-3eef-4d2f-be09-05f94cb884f2", "isDeleted:":"true", "version":"1725576682628"}}
{"logTime": "1130/222756", "correlationVector":"z6jNYSo8RnrDVTN1Kwe1ie.36","action":"GetUpdates", "result":"DeleteReceived", "context":{"id":"e0f67daa-21d2-49df-b34f-5a0189ec183c", "isDeleted:":"true", "version":"1726068503902"}}
{"logTime": "1130/222756", "correlationVector":"z6jNYSo8RnrDVTN1Kwe1ie.37","action":"GetUpdates", "result":"DeleteReceived", "context":{"id":"5ee46864-18a3-43c9-80a8-9f98e6a8e29c", "isDeleted:":"true", "version":"1726107912697"}}
{"logTime": "1130/222756", "correlationVector":"z6jNYSo8RnrDVTN1Kwe1ie.38","action":"GetUpdates", "result":"DeleteReceived", "context":{"id":"35696b0f-5ec6-4d00-b284-9352144489cd", "isDeleted:":"true", "version":"1726788306020"}}
{"logTime": "1130/222757", "correlationVector":"z6jNYSo8RnrDVTN1Kwe1ie.39","action":"GetUpdates Response", "result":"Success", "context":Received 200 update(s). cV=z6jNYSo8RnrDVTN1Kwe1ie.0;server=GENERAL0100001N;cloudType=Consumer;environment=Prod_NorthCentralUS_000g;migrationStage=NotStarted}
{"logTime": "1130/222758", "correlationVector":"/4KEYCBz/v+RRRNvFYVY5T","action":"Normal GetUpdate request", "result":"", "context":cV=/4KEYCBz/v+RRRNvFYVY5T
Nudged types: Sessions, Device Info
Refresh requested types: Bookmarks, Preferences, Passwords, Autofill Profiles, Autofill, Typed URLs, Extensions, Sessions, Extension settings, History Delete Directives, Device Info, User Consents, Send Tab To Self, Web Apps, Collection, Edge E Drop, Edge Hub App Usage, Edge Tab Group, Edge Wallet, Encryption Keys}
{"logTime": "1130/222758", "correlationVector":"/4KEYCBz/v+RRRNvFYVY5T.1","action":"SyncServerConnectionManagerRequest", "result":"SYNC_SERVER_OK", "context":{"environment":"Prod_NorthCentralUS_000g", "migrationStage":"NotStarted", "server":"GENERAL0100000Q"}}
{"logTime": "1130/222758", "correlationVector":"/4KEYCBz/v+RRRNvFYVY5T.2","action":"GetUpdates", "result":"DeleteReceived", "context":{"id":"7819d403-7a54-460c-b5a5-8585770ff363", "isDeleted:":"true", "version":"1733005604259"}}
{"logTime": "1130/222758", "correlationVector":"/4KEYCBz/v+RRRNvFYVY5T.3","action":"GetUpdates Response", "result":"Success", "context":Received 5 update(s). cV=/4KEYCBz/v+RRRNvFYVY5T.0;server=GENERAL0100000Q;cloudType=Consumer;environment=Prod_NorthCentralUS_000g;migrationStage=NotStarted}
{"logTime": "1130/222758", "correlationVector":"3nywzhpzq3TjrvUfF6GD07","action":"Commit Request", "result":"", "context":Item count: 4
Contributing types: Sessions, Device Info}
{"logTime": "1130/222759", "correlationVector":"3nywzhpzq3TjrvUfF6GD07.1","action":"SyncServerConnectionManagerRequest", "result":"SYNC_SERVER_OK", "context":{"environment":"Prod_NorthCentralUS_000g", "migrationStage":"NotStarted", "server":"GENERAL0100001X"}}
{"logTime": "1130/222759", "correlationVector":"3nywzhpzq3TjrvUfF6GD07.3","action":"Commit.Sessions", "result":"Success", "context":{"id":"e6bad4f3-9f55-41b7-a5b2-fd66c152a5a3", "isDeleted":"true", "size":"0", "version":"1733005604258"}}
{"logTime": "1130/222759", "correlationVector":"3nywzhpzq3TjrvUfF6GD07.2","action":"Commit Response", "result":"Success", "context":Result: Success. cV=3nywzhpzq3TjrvUfF6GD07.0;server=GENERAL0100001X;cloudType=Consumer;environment=Prod_NorthCentralUS_000g;migrationStage=NotStarted}
{"logTime": "1130/222805", "correlationVector":"WpbUYp/2ccnBaiyaLM34yM","action":"Commit Request", "result":"", "context":Item count: 2
Contributing types: Preferences, Sessions}
{"logTime": "1130/222805", "correlationVector":"WpbUYp/2ccnBaiyaLM34yM.1","action":"SyncServerConnectionManagerRequest", "result":"SYNC_SERVER_OK", "context":{"environment":"Prod_NorthCentralUS_000g", "migrationStage":"NotStarted", "server":"GENERAL0100001X"}}
{"logTime": "1130/222805", "correlationVector":"WpbUYp/2ccnBaiyaLM34yM.2","action":"Commit Response", "result":"Success", "context":Result: Success. cV=WpbUYp/2ccnBaiyaLM34yM.0;server=GENERAL0100001X;cloudType=Consumer;environment=Prod_NorthCentralUS_000g;migrationStage=NotStarted}
{"logTime": "1130/222813", "correlationVector":"3dumj3ZxqMIrLkW3C0lBCi","action":"Commit Request", "result":"", "context":Item count: 1
Contributing types: Preferences}
{"logTime": "1130/222813", "correlationVector":"3dumj3ZxqMIrLkW3C0lBCi.1","action":"SyncServerConnectionManagerRequest", "result":"SYNC_SERVER_OK", "context":{"environment":"Prod_NorthCentralUS_000g", "migrationStage":"NotStarted", "server":"GENERAL01000000"}}
{"logTime": "1130/222813", "correlationVector":"3dumj3ZxqMIrLkW3C0lBCi.2","action":"Commit Response", "result":"Success", "context":Result: Success. cV=3dumj3ZxqMIrLkW3C0lBCi.0;server=GENERAL01000000;cloudType=Consumer;environment=Prod_NorthCentralUS_000g;migrationStage=NotStarted}
{"logTime": "1130/225022", "correlationVector":"ajUHesdDCbF4vBODASkGQr.1","action":"SyncServerConnectionManagerRequest", "result":"SYNC_SERVER_OK", "context":{"environment":"Prod_NorthCentralUS_000g", "migrationStage":"NotStarted", "server":"GENERAL01000026"}}
{"logTime": "1130/225022", "correlationVector":"CQHKBDItSSqbGciIUWGaNt","action":"SyncServerConnectionManagerRequest", "result":"SYNC_SERVER_OK", "context":{"environment":"", "migrationStage":"", "server":""}}
{"logTime": "1130/225022", "correlationVector":"ajUHesdDCbF4vBODASkGQr","action":"Initial GetUpdates", "result":"", "context":Reason: NEW_CLIENT. cV=ajUHesdDCbF4vBODASkGQr}
{"logTime": "1130/225022", "correlationVector":"ajUHesdDCbF4vBODASkGQr.2","action":"GetUpdates Response", "result":"Success", "context":Received 1 update(s). cV=ajUHesdDCbF4vBODASkGQr.0;server=GENERAL01000026;cloudType=Consumer;environment=Prod_NorthCentralUS_000g;migrationStage=NotStarted}
{"logTime": "1130/225022", "correlationVector":"52dRwz/7RpKVOcpm2JEEom","action":"Initial GetUpdates", "result":"", "context":Reason: NEWLY_SUPPORTED_DATATYPE. cV=52dRwz/7RpKVOcpm2JEEom}
{"logTime": "1130/225023", "correlationVector":"52dRwz/7RpKVOcpm2JEEom.1","action":"SyncServerConnectionManagerRequest", "result":"SYNC_SERVER_OK", "context":{"environment":"Prod_NorthCentralUS_000g", "migrationStage":"NotStarted", "server":"GENERAL0100001F"}}
{"logTime": "1130/225023", "correlationVector":"52dRwz/7RpKVOcpm2JEEom.2","action":"GetUpdates", "result":"DeleteReceived", "context":{"id":"d7e85615-2866-4ef4-af9a-69be86aca7e6", "isDeleted:":"true", "version":"1702614621353"}}
{"logTime": "1130/225023", "correlationVector":"52dRwz/7RpKVOcpm2JEEom.3","action":"GetUpdates", "result":"DeleteReceived", "context":{"id":"fb655105-3185-42b0-b72a-b1c154c0ecb7", "isDeleted:":"true", "version":"1705010019343"}}
{"logTime": "1130/225023", "correlationVector":"52dRwz/7RpKVOcpm2JEEom.4","action":"GetUpdates", "result":"DeleteReceived", "context":{"id":"d351ea83-197f-45c7-b5dd-5e29fd70cdba", "isDeleted:":"true", "version":"1705190003387"}}
{"logTime": "1130/225023", "correlationVector":"52dRwz/7RpKVOcpm2JEEom.5","action":"GetUpdates", "result":"DeleteReceived", "context":{"id":"637c266b-0b22-4a8e-bc47-38f640af8113", "isDeleted:":"true", "version":"1705190838952"}}
{"logTime": "1130/225023", "correlationVector":"52dRwz/7RpKVOcpm2JEEom.6","action":"GetUpdates", "result":"DeleteReceived", "context":{"id":"f679a30f-d01b-44bf-9c0c-98f1cb687541", "isDeleted:":"true", "version":"1708974513017"}}
{"logTime": "1130/225023", "correlationVector":"52dRwz/7RpKVOcpm2JEEom.7","action":"GetUpdates", "result":"DeleteReceived", "context":{"id":"ae44e59e-182d-4d77-bb9f-106078be1bf7", "isDeleted:":"true", "version":"1709940774949"}}
{"logTime": "1130/225023", "correlationVector":"52dRwz/7RpKVOcpm2JEEom.8","action":"GetUpdates", "result":"DeleteReceived", "context":{"id":"1562e350-22be-441b-950e-5147aa25f06f", "isDeleted:":"true", "version":"1709940774950"}}
{"logTime": "1130/225023", "correlationVector":"52dRwz/7RpKVOcpm2JEEom.9","action":"GetUpdates", "result":"DeleteReceived", "context":{"id":"0a1f8ecb-4a78-40fd-ab27-89235e176c3a", "isDeleted:":"true", "version":"1711046314016"}}
{"logTime": "1130/225023", "correlationVector":"52dRwz/7RpKVOcpm2JEEom.10","action":"GetUpdates", "result":"DeleteReceived", "context":{"id":"66c27af8-c021-410f-98b2-2a1a14ec8258", "isDeleted:":"true", "version":"1711046427370"}}
{"logTime": "1130/225023", "correlationVector":"52dRwz/7RpKVOcpm2JEEom.11","action":"GetUpdates", "result":"DeleteReceived", "context":{"id":"e421c268-2a06-496a-978c-17cc592db021", "isDeleted:":"true", "version":"1711046429970"}}
{"logTime": "1130/225023", "correlationVector":"52dRwz/7RpKVOcpm2JEEom.12","action":"GetUpdates", "result":"DeleteReceived", "context":{"id":"e74423de-8eeb-424c-900f-67bf66d54da5", "isDeleted:":"true", "version":"1711046432585"}}
{"logTime": "1130/225023", "correlationVector":"52dRwz/7RpKVOcpm2JEEom.13","action":"GetUpdates", "result":"DeleteReceived", "context":{"id":"8648843a-cb10-4ec8-9808-f6b3f9a1a0f1", "isDeleted:":"true", "version":"1711046434276"}}
{"logTime": "1130/225023", "correlationVector":"52dRwz/7RpKVOcpm2JEEom.14","action":"GetUpdates", "result":"DeleteReceived", "context":{"id":"096b6e2f-3cca-44b3-ad22-981eb2245e4c", "isDeleted:":"true", "version":"1711046435668"}}
{"logTime": "1130/225023", "correlationVector":"52dRwz/7RpKVOcpm2JEEom.15","action":"GetUpdates", "result":"DeleteReceived", "context":{"id":"5d22a5ab-b5c3-4a7d-8196-a5c376425624", "isDeleted:":"true", "version":"1711046437106"}}
{"logTime": "1130/225023", "correlationVector":"52dRwz/7RpKVOcpm2JEEom.16","action":"GetUpdates", "result":"DeleteReceived", "context":{"id":"d30ad808-231b-4db1-a4eb-7d71b8a78168", "isDeleted:":"true", "version":"1711046446017"}}
{"logTime": "1130/225023", "correlationVector":"52dRwz/7RpKVOcpm2JEEom.17","action":"GetUpdates", "result":"DeleteReceived", "context":{"id":"5d6b3f73-0303-4892-932a-28e6805c3234", "isDeleted:":"true", "version":"1711046447470"}}
{"logTime": "1130/225023", "correlationVector":"52dRwz/7RpKVOcpm2JEEom.18","action":"GetUpdates", "result":"DeleteReceived", "context":{"id":"55059063-a5d1-486a-beea-43e32ae494fc", "isDeleted:":"true", "version":"1711046450335"}}
{"logTime": "1130/225023", "correlationVector":"52dRwz/7RpKVOcpm2JEEom.19","action":"GetUpdates", "result":"DeleteReceived", "context":{"id":"1cc2e74d-b4cc-49ef-b8b4-6c3f032bfee6", "isDeleted:":"true", "version":"1711911695518"}}
{"logTime": "1130/225023", "correlationVector":"52dRwz/7RpKVOcpm2JEEom.20","action":"GetUpdates", "result":"DeleteReceived", "context":{"id":"aba6b6e8-5446-4b8a-bbd7-a97c8084dab3", "isDeleted:":"true", "version":"1714762359829"}}
{"logTime": "1130/225023", "correlationVector":"52dRwz/7RpKVOcpm2JEEom.21","action":"GetUpdates", "result":"DeleteReceived", "context":{"id":"72aa9ae8-8e37-4020-b1b1-279a0cb1af44", "isDeleted:":"true", "version":"1715051353864"}}
{"logTime": "1130/225023", "correlationVector":"52dRwz/7RpKVOcpm2JEEom.22","action":"GetUpdates", "result":"DeleteReceived", "context":{"id":"da6ae0e7-ec50-4d9e-baf4-4c7f7b0b1509", "isDeleted:":"true", "version":"1715456811004"}}
{"logTime": "1130/225023", "correlationVector":"52dRwz/7RpKVOcpm2JEEom.23","action":"GetUpdates", "result":"DeleteReceived", "context":{"id":"1f4c6645-ca90-4d4b-a59d-2dcfa472df37", "isDeleted:":"true", "version":"1715460729571"}}
{"logTime": "1130/225023", "correlationVector":"52dRwz/7RpKVOcpm2JEEom.24","action":"GetUpdates", "result":"DeleteReceived", "context":{"id":"867e739d-ed1f-4b37-933f-061e95c8193c", "isDeleted:":"true", "version":"1716240534408"}}
{"logTime": "1130/225023", "correlationVector":"52dRwz/7RpKVOcpm2JEEom.25","action":"GetUpdates", "result":"DeleteReceived", "context":{"id":"15f0dca4-d379-448d-a8b1-8b4283c93e5b", "isDeleted:":"true", "version":"1722026895835"}}
{"logTime": "1130/225023", "correlationVector":"52dRwz/7RpKVOcpm2JEEom.26","action":"GetUpdates", "result":"DeleteReceived", "context":{"id":"0182c0d6-a8ae-4597-8a44-d875e3fb874e", "isDeleted:":"true", "version":"1722026897172"}}
{"logTime": "1130/225023", "correlationVector":"52dRwz/7RpKVOcpm2JEEom.27","action":"GetUpdates", "result":"DeleteReceived", "context":{"id":"52e257a9-bcb6-4c88-9781-208c90b20bd4", "isDeleted:":"true", "version":"1722026898522"}}
{"logTime": "1130/225023", "correlationVector":"52dRwz/7RpKVOcpm2JEEom.28","action":"GetUpdates", "result":"DeleteReceived", "context":{"id":"e163a82e-5a41-4243-adaa-3daa824be616", "isDeleted:":"true", "version":"1722026899918"}}
{"logTime": "1130/225023", "correlationVector":"52dRwz/7RpKVOcpm2JEEom.29","action":"GetUpdates", "result":"DeleteReceived", "context":{"id":"4c5f0e9a-f1e2-411b-a40e-ce9d9f43f934", "isDeleted:":"true", "version":"1722026901336"}}
{"logTime": "1130/225023", "correlationVector":"52dRwz/7RpKVOcpm2JEEom.30","action":"GetUpdates", "result":"DeleteReceived", "context":{"id":"9ecff0c3-1af2-40ed-96f7-f10f5522ccf9", "isDeleted:":"true", "version":"1722026902715"}}
{"logTime": "1130/225023", "correlationVector":"52dRwz/7RpKVOcpm2JEEom.31","action":"GetUpdates", "result":"DeleteReceived", "context":{"id":"e4b7f0f0-18a3-4fb1-a87b-2d6952417577", "isDeleted:":"true", "version":"1722026904035"}}
{"logTime": "1130/225023", "correlationVector":"52dRwz/7RpKVOcpm2JEEom.32","action":"GetUpdates", "result":"DeleteReceived", "context":{"id":"19d7200e-4b01-4b5f-806e-7bdc960628c1", "isDeleted:":"true", "version":"1722026910065"}}
{"logTime": "1130/225023", "correlationVector":"52dRwz/7RpKVOcpm2JEEom.33","action":"GetUpdates", "result":"DeleteReceived", "context":{"id":"15a1bea9-9617-428a-b19e-c8c0d09464c3", "isDeleted:":"true", "version":"1722459400912"}}
{"logTime": "1130/225023", "correlationVector":"52dRwz/7RpKVOcpm2JEEom.34","action":"GetUpdates", "result":"DeleteReceived", "context":{"id":"9f341277-36f5-43bf-9f91-4a60728cfba8", "isDeleted:":"true", "version":"1723395590626"}}
{"logTime": "1130/225023", "correlationVector":"52dRwz/7RpKVOcpm2JEEom.35","action":"GetUpdates", "result":"DeleteReceived", "context":{"id":"5565257b-3eef-4d2f-be09-05f94cb884f2", "isDeleted:":"true", "version":"1725576682628"}}
{"logTime": "1130/225023", "correlationVector":"52dRwz/7RpKVOcpm2JEEom.36","action":"GetUpdates", "result":"DeleteReceived", "context":{"id":"e0f67daa-21d2-49df-b34f-5a0189ec183c", "isDeleted:":"true", "version":"1726068503902"}}
{"logTime": "1130/225023", "correlationVector":"52dRwz/7RpKVOcpm2JEEom.37","action":"GetUpdates", "result":"DeleteReceived", "context":{"id":"5ee46864-18a3-43c9-80a8-9f98e6a8e29c", "isDeleted:":"true", "version":"1726107912697"}}
{"logTime": "1130/225023", "correlationVector":"52dRwz/7RpKVOcpm2JEEom.38","action":"GetUpdates", "result":"DeleteReceived", "context":{"id":"35696b0f-5ec6-4d00-b284-9352144489cd", "isDeleted:":"true", "version":"1726788306020"}}
{"logTime": "1130/225023", "correlationVector":"52dRwz/7RpKVOcpm2JEEom.39","action":"GetUpdates Response", "result":"Success", "context":Received 200 update(s). cV=52dRwz/7RpKVOcpm2JEEom.0;server=GENERAL0100001F;cloudType=Consumer;environment=Prod_NorthCentralUS_000g;migrationStage=NotStarted}
{"logTime": "1130/225024", "correlationVector":"iPbTbtjnThNW/PyNDENuun","action":"Normal GetUpdate request", "result":"", "context":cV=iPbTbtjnThNW/PyNDENuun
Nudged types: Sessions, Device Info
Refresh requested types: Bookmarks, Preferences, Passwords, Autofill Profiles, Autofill, Typed URLs, Extensions, Sessions, Extension settings, History Delete Directives, Device Info, User Consents, Send Tab To Self, Web Apps, Collection, Edge E Drop, Edge Hub App Usage, Edge Tab Group, Edge Wallet, Encryption Keys}
{"logTime": "1130/225025", "correlationVector":"iPbTbtjnThNW/PyNDENuun.1","action":"SyncServerConnectionManagerRequest", "result":"SYNC_SERVER_OK", "context":{"environment":"Prod_NorthCentralUS_000g", "migrationStage":"NotStarted", "server":"GENERAL0100000S"}}
{"logTime": "1130/225025", "correlationVector":"iPbTbtjnThNW/PyNDENuun.2","action":"GetUpdates", "result":"DeleteReceived", "context":{"id":"e6bad4f3-9f55-41b7-a5b2-fd66c152a5a3", "isDeleted:":"true", "version":"1733005679289"}}
{"logTime": "1130/225025", "correlationVector":"iPbTbtjnThNW/PyNDENuun.3","action":"GetUpdates", "result":"DeleteReceived", "context":{"id":"68598c79-2e35-42c6-9235-d3c920ef0b1e", "isDeleted:":"true", "version":"1733005976209"}}
{"logTime": "1130/225025", "correlationVector":"iPbTbtjnThNW/PyNDENuun.4","action":"GetUpdates", "result":"DeleteReceived", "context":{"id":"39e51451-3c71-4be7-9b40-4e16c873220e", "isDeleted:":"true", "version":"1733005976210"}}
{"logTime": "1130/225025", "correlationVector":"iPbTbtjnThNW/PyNDENuun.5","action":"GetUpdates", "result":"DeleteReceived", "context":{"id":"36155b02-f5b9-4938-bfd5-c5ff75d12268", "isDeleted:":"true", "version":"1733005976211"}}
{"logTime": "1130/225025", "correlationVector":"iPbTbtjnThNW/PyNDENuun.6","action":"GetUpdates", "result":"DeleteReceived", "context":{"id":"aa86f4af-3542-483c-80ad-d3b148a37023", "isDeleted:":"true", "version":"1733005976212"}}
{"logTime": "1130/225025", "correlationVector":"iPbTbtjnThNW/PyNDENuun.7","action":"GetUpdates", "result":"DeleteReceived", "context":{"id":"60953ed0-b1d3-4490-ab01-954fd657c4eb", "isDeleted:":"true", "version":"1733005976213"}}
{"logTime": "1130/225025", "correlationVector":"iPbTbtjnThNW/PyNDENuun.8","action":"GetUpdates", "result":"DeleteReceived", "context":{"id":"1aa345c9-dd75-43be-9cc7-6a152a63f602", "isDeleted:":"true", "version":"1733006418381"}}
{"logTime": "1130/225025", "correlationVector":"iPbTbtjnThNW/PyNDENuun.9","action":"GetUpdates", "result":"DeleteReceived", "context":{"id":"b2db324f-9066-48ca-a8ae-2b0005e6c13f", "isDeleted:":"true", "version":"1733006461454"}}
{"logTime": "1130/225025", "correlationVector":"iPbTbtjnThNW/PyNDENuun.10","action":"GetUpdates Response", "result":"Success", "context":Received 18 update(s). cV=iPbTbtjnThNW/PyNDENuun.0;server=GENERAL0100000S;cloudType=Consumer;environment=Prod_NorthCentralUS_000g;migrationStage=NotStarted}
{"logTime": "1130/225025", "correlationVector":"gKyhB7caOmtN4xPKoylF6r","action":"Commit Request", "result":"", "context":Item count: 4
Contributing types: Sessions, Device Info}
{"logTime": "1130/225026", "correlationVector":"gKyhB7caOmtN4xPKoylF6r.1","action":"SyncServerConnectionManagerRequest", "result":"SYNC_SERVER_OK", "context":{"environment":"Prod_NorthCentralUS_000g", "migrationStage":"NotStarted", "server":"GENERAL0100000F"}}
{"logTime": "1130/225026", "correlationVector":"gKyhB7caOmtN4xPKoylF6r.3","action":"Commit.Sessions", "result":"Success", "context":{"id":"d98de1c6-e73b-49c8-96de-2a8529c269aa", "isDeleted":"true", "size":"0", "version":"1733005685189"}}
{"logTime": "1130/225026", "correlationVector":"gKyhB7caOmtN4xPKoylF6r.2","action":"Commit Response", "result":"Success", "context":Result: Success. cV=gKyhB7caOmtN4xPKoylF6r.0;server=GENERAL0100000F;cloudType=Consumer;environment=Prod_NorthCentralUS_000g;migrationStage=NotStarted}
{"logTime": "1130/225038", "correlationVector":"Mu0hcg2B9Be3cRTVzfttgt","action":"Commit Request", "result":"", "context":Item count: 1
Contributing types: Preferences}
{"logTime": "1130/225039", "correlationVector":"Mu0hcg2B9Be3cRTVzfttgt.1","action":"SyncServerConnectionManagerRequest", "result":"SYNC_SERVER_OK", "context":{"environment":"Prod_NorthCentralUS_000g", "migrationStage":"NotStarted", "server":"GENERAL01000011"}}
{"logTime": "1130/225039", "correlationVector":"Mu0hcg2B9Be3cRTVzfttgt.2","action":"Commit Response", "result":"Success", "context":Result: Success. cV=Mu0hcg2B9Be3cRTVzfttgt.0;server=GENERAL01000011;cloudType=Consumer;environment=Prod_NorthCentralUS_000g;migrationStage=NotStarted}
{"logTime": "1130/225137", "correlationVector":"Ie8DLkBCA3Bh8L/rv4yZeV.1","action":"SyncServerConnectionManagerRequest", "result":"SYNC_SERVER_OK", "context":{"environment":"Prod_NorthCentralUS_000g", "migrationStage":"NotStarted", "server":"GENERAL0100000I"}}
{"logTime": "1130/225137", "correlationVector":"h/2PEdLl4NUKvlebLsSS/M","action":"SyncServerConnectionManagerRequest", "result":"SYNC_SERVER_OK", "context":{"environment":"", "migrationStage":"", "server":""}}
{"logTime": "1130/225137", "correlationVector":"Ie8DLkBCA3Bh8L/rv4yZeV","action":"Initial GetUpdates", "result":"", "context":Reason: NEW_CLIENT. cV=Ie8DLkBCA3Bh8L/rv4yZeV}
{"logTime": "1130/225137", "correlationVector":"Ie8DLkBCA3Bh8L/rv4yZeV.2","action":"GetUpdates Response", "result":"Success", "context":Received 1 update(s). cV=Ie8DLkBCA3Bh8L/rv4yZeV.0;server=GENERAL0100000I;cloudType=Consumer;environment=Prod_NorthCentralUS_000g;migrationStage=NotStarted}
{"logTime": "1130/225137", "correlationVector":"cgduan2kxXo+KgteZWaEyl","action":"Initial GetUpdates", "result":"", "context":Reason: NEWLY_SUPPORTED_DATATYPE. cV=cgduan2kxXo+KgteZWaEyl}
{"logTime": "1130/225138", "correlationVector":"cgduan2kxXo+KgteZWaEyl.1","action":"SyncServerConnectionManagerRequest", "result":"SYNC_SERVER_OK", "context":{"environment":"Prod_NorthCentralUS_000g", "migrationStage":"NotStarted", "server":"GENERAL0100000G"}}
{"logTime": "1130/225138", "correlationVector":"cgduan2kxXo+KgteZWaEyl.2","action":"GetUpdates", "result":"DeleteReceived", "context":{"id":"d7e85615-2866-4ef4-af9a-69be86aca7e6", "isDeleted:":"true", "version":"1702614621353"}}
{"logTime": "1130/225138", "correlationVector":"cgduan2kxXo+KgteZWaEyl.3","action":"GetUpdates", "result":"DeleteReceived", "context":{"id":"fb655105-3185-42b0-b72a-b1c154c0ecb7", "isDeleted:":"true", "version":"1705010019343"}}
{"logTime": "1130/225138", "correlationVector":"cgduan2kxXo+KgteZWaEyl.4","action":"GetUpdates", "result":"DeleteReceived", "context":{"id":"d351ea83-197f-45c7-b5dd-5e29fd70cdba", "isDeleted:":"true", "version":"1705190003387"}}
{"logTime": "1130/225138", "correlationVector":"cgduan2kxXo+KgteZWaEyl.5","action":"GetUpdates", "result":"DeleteReceived", "context":{"id":"637c266b-0b22-4a8e-bc47-38f640af8113", "isDeleted:":"true", "version":"1705190838952"}}
{"logTime": "1130/225138", "correlationVector":"cgduan2kxXo+KgteZWaEyl.6","action":"GetUpdates", "result":"DeleteReceived", "context":{"id":"f679a30f-d01b-44bf-9c0c-98f1cb687541", "isDeleted:":"true", "version":"1708974513017"}}
{"logTime": "1130/225138", "correlationVector":"cgduan2kxXo+KgteZWaEyl.7","action":"GetUpdates", "result":"DeleteReceived", "context":{"id":"ae44e59e-182d-4d77-bb9f-106078be1bf7", "isDeleted:":"true", "version":"1709940774949"}}
{"logTime": "1130/225138", "correlationVector":"cgduan2kxXo+KgteZWaEyl.8","action":"GetUpdates", "result":"DeleteReceived", "context":{"id":"1562e350-22be-441b-950e-5147aa25f06f", "isDeleted:":"true", "version":"1709940774950"}}
{"logTime": "1130/225138", "correlationVector":"cgduan2kxXo+KgteZWaEyl.9","action":"GetUpdates", "result":"DeleteReceived", "context":{"id":"0a1f8ecb-4a78-40fd-ab27-89235e176c3a", "isDeleted:":"true", "version":"1711046314016"}}
{"logTime": "1130/225138", "correlationVector":"cgduan2kxXo+KgteZWaEyl.10","action":"GetUpdates", "result":"DeleteReceived", "context":{"id":"66c27af8-c021-410f-98b2-2a1a14ec8258", "isDeleted:":"true", "version":"1711046427370"}}
{"logTime": "1130/225138", "correlationVector":"cgduan2kxXo+KgteZWaEyl.11","action":"GetUpdates", "result":"DeleteReceived", "context":{"id":"e421c268-2a06-496a-978c-17cc592db021", "isDeleted:":"true", "version":"1711046429970"}}
{"logTime": "1130/225138", "correlationVector":"cgduan2kxXo+KgteZWaEyl.12","action":"GetUpdates", "result":"DeleteReceived", "context":{"id":"e74423de-8eeb-424c-900f-67bf66d54da5", "isDeleted:":"true", "version":"1711046432585"}}
{"logTime": "1130/225138", "correlationVector":"cgduan2kxXo+KgteZWaEyl.13","action":"GetUpdates", "result":"DeleteReceived", "context":{"id":"8648843a-cb10-4ec8-9808-f6b3f9a1a0f1", "isDeleted:":"true", "version":"1711046434276"}}
{"logTime": "1130/225138", "correlationVector":"cgduan2kxXo+KgteZWaEyl.14","action":"GetUpdates", "result":"DeleteReceived", "context":{"id":"096b6e2f-3cca-44b3-ad22-981eb2245e4c", "isDeleted:":"true", "version":"1711046435668"}}
{"logTime": "1130/225138", "correlationVector":"cgduan2kxXo+KgteZWaEyl.15","action":"GetUpdates", "result":"DeleteReceived", "context":{"id":"5d22a5ab-b5c3-4a7d-8196-a5c376425624", "isDeleted:":"true", "version":"1711046437106"}}
{"logTime": "1130/225138", "correlationVector":"cgduan2kxXo+KgteZWaEyl.16","action":"GetUpdates", "result":"DeleteReceived", "context":{"id":"d30ad808-231b-4db1-a4eb-7d71b8a78168", "isDeleted:":"true", "version":"1711046446017"}}
{"logTime": "1130/225138", "correlationVector":"cgduan2kxXo+KgteZWaEyl.17","action":"GetUpdates", "result":"DeleteReceived", "context":{"id":"5d6b3f73-0303-4892-932a-28e6805c3234", "isDeleted:":"true", "version":"1711046447470"}}
{"logTime": "1130/225138", "correlationVector":"cgduan2kxXo+KgteZWaEyl.18","action":"GetUpdates", "result":"DeleteReceived", "context":{"id":"55059063-a5d1-486a-beea-43e32ae494fc", "isDeleted:":"true", "version":"1711046450335"}}
{"logTime": "1130/225138", "correlationVector":"cgduan2kxXo+KgteZWaEyl.19","action":"GetUpdates", "result":"DeleteReceived", "context":{"id":"1cc2e74d-b4cc-49ef-b8b4-6c3f032bfee6", "isDeleted:":"true", "version":"1711911695518"}}
{"logTime": "1130/225138", "correlationVector":"cgduan2kxXo+KgteZWaEyl.20","action":"GetUpdates", "result":"DeleteReceived", "context":{"id":"aba6b6e8-5446-4b8a-bbd7-a97c8084dab3", "isDeleted:":"true", "version":"1714762359829"}}
{"logTime": "1130/225138", "correlationVector":"cgduan2kxXo+KgteZWaEyl.21","action":"GetUpdates", "result":"DeleteReceived", "context":{"id":"72aa9ae8-8e37-4020-b1b1-279a0cb1af44", "isDeleted:":"true", "version":"1715051353864"}}
{"logTime": "1130/225138", "correlationVector":"cgduan2kxXo+KgteZWaEyl.22","action":"GetUpdates", "result":"DeleteReceived", "context":{"id":"da6ae0e7-ec50-4d9e-baf4-4c7f7b0b1509", "isDeleted:":"true", "version":"1715456811004"}}
{"logTime": "1130/225138", "correlationVector":"cgduan2kxXo+KgteZWaEyl.23","action":"GetUpdates", "result":"DeleteReceived", "context":{"id":"1f4c6645-ca90-4d4b-a59d-2dcfa472df37", "isDeleted:":"true", "version":"1715460729571"}}
{"logTime": "1130/225138", "correlationVector":"cgduan2kxXo+KgteZWaEyl.24","action":"GetUpdates", "result":"DeleteReceived", "context":{"id":"867e739d-ed1f-4b37-933f-061e95c8193c", "isDeleted:":"true", "version":"1716240534408"}}
{"logTime": "1130/225138", "correlationVector":"cgduan2kxXo+KgteZWaEyl.25","action":"GetUpdates", "result":"DeleteReceived", "context":{"id":"15f0dca4-d379-448d-a8b1-8b4283c93e5b", "isDeleted:":"true", "version":"1722026895835"}}
{"logTime": "1130/225138", "correlationVector":"cgduan2kxXo+KgteZWaEyl.26","action":"GetUpdates", "result":"DeleteReceived", "context":{"id":"0182c0d6-a8ae-4597-8a44-d875e3fb874e", "isDeleted:":"true", "version":"1722026897172"}}
{"logTime": "1130/225138", "correlationVector":"cgduan2kxXo+KgteZWaEyl.27","action":"GetUpdates", "result":"DeleteReceived", "context":{"id":"52e257a9-bcb6-4c88-9781-208c90b20bd4", "isDeleted:":"true", "version":"1722026898522"}}
{"logTime": "1130/225138", "correlationVector":"cgduan2kxXo+KgteZWaEyl.28","action":"GetUpdates", "result":"DeleteReceived", "context":{"id":"e163a82e-5a41-4243-adaa-3daa824be616", "isDeleted:":"true", "version":"1722026899918"}}
{"logTime": "1130/225138", "correlationVector":"cgduan2kxXo+KgteZWaEyl.29","action":"GetUpdates", "result":"DeleteReceived", "context":{"id":"4c5f0e9a-f1e2-411b-a40e-ce9d9f43f934", "isDeleted:":"true", "version":"1722026901336"}}
{"logTime": "1130/225138", "correlationVector":"cgduan2kxXo+KgteZWaEyl.30","action":"GetUpdates", "result":"DeleteReceived", "context":{"id":"9ecff0c3-1af2-40ed-96f7-f10f5522ccf9", "isDeleted:":"true", "version":"1722026902715"}}
{"logTime": "1130/225138", "correlationVector":"cgduan2kxXo+KgteZWaEyl.31","action":"GetUpdates", "result":"DeleteReceived", "context":{"id":"e4b7f0f0-18a3-4fb1-a87b-2d6952417577", "isDeleted:":"true", "version":"1722026904035"}}
{"logTime": "1130/225138", "correlationVector":"cgduan2kxXo+KgteZWaEyl.32","action":"GetUpdates", "result":"DeleteReceived", "context":{"id":"19d7200e-4b01-4b5f-806e-7bdc960628c1", "isDeleted:":"true", "version":"1722026910065"}}
{"logTime": "1130/225138", "correlationVector":"cgduan2kxXo+KgteZWaEyl.33","action":"GetUpdates", "result":"DeleteReceived", "context":{"id":"15a1bea9-9617-428a-b19e-c8c0d09464c3", "isDeleted:":"true", "version":"1722459400912"}}
{"logTime": "1130/225138", "correlationVector":"cgduan2kxXo+KgteZWaEyl.34","action":"GetUpdates", "result":"DeleteReceived", "context":{"id":"9f341277-36f5-43bf-9f91-4a60728cfba8", "isDeleted:":"true", "version":"1723395590626"}}
{"logTime": "1130/225138", "correlationVector":"cgduan2kxXo+KgteZWaEyl.35","action":"GetUpdates", "result":"DeleteReceived", "context":{"id":"5565257b-3eef-4d2f-be09-05f94cb884f2", "isDeleted:":"true", "version":"1725576682628"}}
{"logTime": "1130/225138", "correlationVector":"cgduan2kxXo+KgteZWaEyl.36","action":"GetUpdates", "result":"DeleteReceived", "context":{"id":"e0f67daa-21d2-49df-b34f-5a0189ec183c", "isDeleted:":"true", "version":"1726068503902"}}
{"logTime": "1130/225138", "correlationVector":"cgduan2kxXo+KgteZWaEyl.37","action":"GetUpdates", "result":"DeleteReceived", "context":{"id":"5ee46864-18a3-43c9-80a8-9f98e6a8e29c", "isDeleted:":"true", "version":"1726107912697"}}
{"logTime": "1130/225138", "correlationVector":"cgduan2kxXo+KgteZWaEyl.38","action":"GetUpdates", "result":"DeleteReceived", "context":{"id":"35696b0f-5ec6-4d00-b284-9352144489cd", "isDeleted:":"true", "version":"1726788306020"}}
{"logTime": "1130/225138", "correlationVector":"cgduan2kxXo+KgteZWaEyl.39","action":"GetUpdates Response", "result":"Success", "context":Received 200 update(s). cV=cgduan2kxXo+KgteZWaEyl.0;server=GENERAL0100000G;cloudType=Consumer;environment=Prod_NorthCentralUS_000g;migrationStage=NotStarted}
{"logTime": "1130/225139", "correlationVector":"fZLFPYk6mEtfZFVcUxioq2","action":"Normal GetUpdate request", "result":"", "context":cV=fZLFPYk6mEtfZFVcUxioq2
Nudged types: Sessions, Device Info
Refresh requested types: Bookmarks, Preferences, Passwords, Autofill Profiles, Autofill, Typed URLs, Extensions, Sessions, Extension settings, History Delete Directives, Device Info, User Consents, Send Tab To Self, Web Apps, Collection, Edge E Drop, Edge Hub App Usage, Edge Tab Group, Edge Wallet, Encryption Keys}
{"logTime": "1130/225140", "correlationVector":"fZLFPYk6mEtfZFVcUxioq2.1","action":"SyncServerConnectionManagerRequest", "result":"SYNC_SERVER_OK", "context":{"environment":"Prod_NorthCentralUS_000g", "migrationStage":"NotStarted", "server":"GENERAL0100000N"}}
{"logTime": "1130/225140", "correlationVector":"fZLFPYk6mEtfZFVcUxioq2.2","action":"GetUpdates", "result":"DeleteReceived", "context":{"id":"d98de1c6-e73b-49c8-96de-2a8529c269aa", "isDeleted:":"true", "version":"1733007025931"}}
{"logTime": "1130/225140", "correlationVector":"fZLFPYk6mEtfZFVcUxioq2.3","action":"GetUpdates Response", "result":"Success", "context":Received 7 update(s). cV=fZLFPYk6mEtfZFVcUxioq2.0;server=GENERAL0100000N;cloudType=Consumer;environment=Prod_NorthCentralUS_000g;migrationStage=NotStarted}
{"logTime": "1130/225151", "correlationVector":"65831O+vwDMW/H2bTfcarI","action":"Commit Request", "result":"", "context":Item count: 4
Contributing types: Preferences, Sessions}
{"logTime": "1130/225152", "correlationVector":"65831O+vwDMW/H2bTfcarI.1","action":"SyncServerConnectionManagerRequest", "result":"SYNC_SERVER_OK", "context":{"environment":"Prod_NorthCentralUS_000g", "migrationStage":"NotStarted", "server":"GENERAL0100000G"}}
{"logTime": "1130/225152", "correlationVector":"65831O+vwDMW/H2bTfcarI.3","action":"Commit.Sessions", "result":"Success", "context":{"id":"0e015e71-ee69-4ae8-bea7-1e4cdc3a5bc1", "isDeleted":"true", "size":"0", "version":"1733007095209"}}
{"logTime": "1130/225152", "correlationVector":"65831O+vwDMW/H2bTfcarI.2","action":"Commit Response", "result":"Success", "context":Result: Success. cV=65831O+vwDMW/H2bTfcarI.0;server=GENERAL0100000G;cloudType=Consumer;environment=Prod_NorthCentralUS_000g;migrationStage=NotStarted}
{"logTime": "1130/225204", "correlationVector":"NqFevywNiwU8H6tSai/dRW","action":"Commit Request", "result":"", "context":Item count: 2
Contributing types: Preferences, Sessions}
{"logTime": "1130/225205", "correlationVector":"NqFevywNiwU8H6tSai/dRW.1","action":"SyncServerConnectionManagerRequest", "result":"SYNC_SERVER_OK", "context":{"environment":"Prod_NorthCentralUS_000g", "migrationStage":"NotStarted", "server":"GENERAL01000027"}}
{"logTime": "1130/225205", "correlationVector":"NqFevywNiwU8H6tSai/dRW.2","action":"Commit Response", "result":"Success", "context":Result: Success. cV=NqFevywNiwU8H6tSai/dRW.0;server=GENERAL01000027;cloudType=Consumer;environment=Prod_NorthCentralUS_000g;migrationStage=NotStarted}
{"logTime": "1130/225253", "correlationVector":"62Ikm8QUdZ/lZzn/VkGH3O.1","action":"SyncServerConnectionManagerRequest", "result":"SYNC_SERVER_OK", "context":{"environment":"Prod_NorthCentralUS_000g", "migrationStage":"NotStarted", "server":"GENERAL0100001F"}}
{"logTime": "1130/225254", "correlationVector":"NIITF8gbETXkASRqWEriku","action":"SyncServerConnectionManagerRequest", "result":"SYNC_SERVER_OK", "context":{"environment":"", "migrationStage":"", "server":""}}
{"logTime": "1130/225254", "correlationVector":"62Ikm8QUdZ/lZzn/VkGH3O","action":"Initial GetUpdates", "result":"", "context":Reason: NEW_CLIENT. cV=62Ikm8QUdZ/lZzn/VkGH3O}
{"logTime": "1130/225254", "correlationVector":"62Ikm8QUdZ/lZzn/VkGH3O.2","action":"GetUpdates Response", "result":"Success", "context":Received 1 update(s). cV=62Ikm8QUdZ/lZzn/VkGH3O.0;server=GENERAL0100001F;cloudType=Consumer;environment=Prod_NorthCentralUS_000g;migrationStage=NotStarted}
{"logTime": "1130/225254", "correlationVector":"98SCxLf6VKkR+VPaOUqdSd","action":"Initial GetUpdates", "result":"", "context":Reason: NEWLY_SUPPORTED_DATATYPE. cV=98SCxLf6VKkR+VPaOUqdSd}
{"logTime": "1130/225255", "correlationVector":"98SCxLf6VKkR+VPaOUqdSd.1","action":"SyncServerConnectionManagerRequest", "result":"SYNC_SERVER_OK", "context":{"environment":"Prod_NorthCentralUS_000g", "migrationStage":"NotStarted", "server":"GENERAL0100000I"}}
{"logTime": "1130/225255", "correlationVector":"98SCxLf6VKkR+VPaOUqdSd.2","action":"GetUpdates", "result":"DeleteReceived", "context":{"id":"d7e85615-2866-4ef4-af9a-69be86aca7e6", "isDeleted:":"true", "version":"1702614621353"}}
{"logTime": "1130/225255", "correlationVector":"98SCxLf6VKkR+VPaOUqdSd.3","action":"GetUpdates", "result":"DeleteReceived", "context":{"id":"fb655105-3185-42b0-b72a-b1c154c0ecb7", "isDeleted:":"true", "version":"1705010019343"}}
{"logTime": "1130/225255", "correlationVector":"98SCxLf6VKkR+VPaOUqdSd.4","action":"GetUpdates", "result":"DeleteReceived", "context":{"id":"d351ea83-197f-45c7-b5dd-5e29fd70cdba", "isDeleted:":"true", "version":"1705190003387"}}
{"logTime": "1130/225255", "correlationVector":"98SCxLf6VKkR+VPaOUqdSd.5","action":"GetUpdates", "result":"DeleteReceived", "context":{"id":"637c266b-0b22-4a8e-bc47-38f640af8113", "isDeleted:":"true", "version":"1705190838952"}}
{"logTime": "1130/225255", "correlationVector":"98SCxLf6VKkR+VPaOUqdSd.6","action":"GetUpdates", "result":"DeleteReceived", "context":{"id":"f679a30f-d01b-44bf-9c0c-98f1cb687541", "isDeleted:":"true", "version":"1708974513017"}}
{"logTime": "1130/225255", "correlationVector":"98SCxLf6VKkR+VPaOUqdSd.7","action":"GetUpdates", "result":"DeleteReceived", "context":{"id":"ae44e59e-182d-4d77-bb9f-106078be1bf7", "isDeleted:":"true", "version":"1709940774949"}}
{"logTime": "1130/225255", "correlationVector":"98SCxLf6VKkR+VPaOUqdSd.8","action":"GetUpdates", "result":"DeleteReceived", "context":{"id":"1562e350-22be-441b-950e-5147aa25f06f", "isDeleted:":"true", "version":"1709940774950"}}
{"logTime": "1130/225255", "correlationVector":"98SCxLf6VKkR+VPaOUqdSd.9","action":"GetUpdates", "result":"DeleteReceived", "context":{"id":"0a1f8ecb-4a78-40fd-ab27-89235e176c3a", "isDeleted:":"true", "version":"1711046314016"}}
{"logTime": "1130/225255", "correlationVector":"98SCxLf6VKkR+VPaOUqdSd.10","action":"GetUpdates", "result":"DeleteReceived", "context":{"id":"66c27af8-c021-410f-98b2-2a1a14ec8258", "isDeleted:":"true", "version":"1711046427370"}}
{"logTime": "1130/225255", "correlationVector":"98SCxLf6VKkR+VPaOUqdSd.11","action":"GetUpdates", "result":"DeleteReceived", "context":{"id":"e421c268-2a06-496a-978c-17cc592db021", "isDeleted:":"true", "version":"1711046429970"}}
{"logTime": "1130/225255", "correlationVector":"98SCxLf6VKkR+VPaOUqdSd.12","action":"GetUpdates", "result":"DeleteReceived", "context":{"id":"e74423de-8eeb-424c-900f-67bf66d54da5", "isDeleted:":"true", "version":"1711046432585"}}
{"logTime": "1130/225255", "correlationVector":"98SCxLf6VKkR+VPaOUqdSd.13","action":"GetUpdates", "result":"DeleteReceived", "context":{"id":"8648843a-cb10-4ec8-9808-f6b3f9a1a0f1", "isDeleted:":"true", "version":"1711046434276"}}
{"logTime": "1130/225255", "correlationVector":"98SCxLf6VKkR+VPaOUqdSd.14","action":"GetUpdates", "result":"DeleteReceived", "context":{"id":"096b6e2f-3cca-44b3-ad22-981eb2245e4c", "isDeleted:":"true", "version":"1711046435668"}}
{"logTime": "1130/225255", "correlationVector":"98SCxLf6VKkR+VPaOUqdSd.15","action":"GetUpdates", "result":"DeleteReceived", "context":{"id":"5d22a5ab-b5c3-4a7d-8196-a5c376425624", "isDeleted:":"true", "version":"1711046437106"}}
{"logTime": "1130/225255", "correlationVector":"98SCxLf6VKkR+VPaOUqdSd.16","action":"GetUpdates", "result":"DeleteReceived", "context":{"id":"d30ad808-231b-4db1-a4eb-7d71b8a78168", "isDeleted:":"true", "version":"1711046446017"}}
{"logTime": "1130/225255", "correlationVector":"98SCxLf6VKkR+VPaOUqdSd.17","action":"GetUpdates", "result":"DeleteReceived", "context":{"id":"5d6b3f73-0303-4892-932a-28e6805c3234", "isDeleted:":"true", "version":"1711046447470"}}
{"logTime": "1130/225255", "correlationVector":"98SCxLf6VKkR+VPaOUqdSd.18","action":"GetUpdates", "result":"DeleteReceived", "context":{"id":"55059063-a5d1-486a-beea-43e32ae494fc", "isDeleted:":"true", "version":"1711046450335"}}
{"logTime": "1130/225255", "correlationVector":"98SCxLf6VKkR+VPaOUqdSd.19","action":"GetUpdates", "result":"DeleteReceived", "context":{"id":"1cc2e74d-b4cc-49ef-b8b4-6c3f032bfee6", "isDeleted:":"true", "version":"1711911695518"}}
{"logTime": "1130/225255", "correlationVector":"98SCxLf6VKkR+VPaOUqdSd.20","action":"GetUpdates", "result":"DeleteReceived", "context":{"id":"aba6b6e8-5446-4b8a-bbd7-a97c8084dab3", "isDeleted:":"true", "version":"1714762359829"}}
{"logTime": "1130/225255", "correlationVector":"98SCxLf6VKkR+VPaOUqdSd.21","action":"GetUpdates", "result":"DeleteReceived", "context":{"id":"72aa9ae8-8e37-4020-b1b1-279a0cb1af44", "isDeleted:":"true", "version":"1715051353864"}}
{"logTime": "1130/225255", "correlationVector":"98SCxLf6VKkR+VPaOUqdSd.22","action":"GetUpdates", "result":"DeleteReceived", "context":{"id":"da6ae0e7-ec50-4d9e-baf4-4c7f7b0b1509", "isDeleted:":"true", "version":"1715456811004"}}
{"logTime": "1130/225255", "correlationVector":"98SCxLf6VKkR+VPaOUqdSd.23","action":"GetUpdates", "result":"DeleteReceived", "context":{"id":"1f4c6645-ca90-4d4b-a59d-2dcfa472df37", "isDeleted:":"true", "version":"1715460729571"}}
{"logTime": "1130/225255", "correlationVector":"98SCxLf6VKkR+VPaOUqdSd.24","action":"GetUpdates", "result":"DeleteReceived", "context":{"id":"867e739d-ed1f-4b37-933f-061e95c8193c", "isDeleted:":"true", "version":"1716240534408"}}
{"logTime": "1130/225255", "correlationVector":"98SCxLf6VKkR+VPaOUqdSd.25","action":"GetUpdates", "result":"DeleteReceived", "context":{"id":"15f0dca4-d379-448d-a8b1-8b4283c93e5b", "isDeleted:":"true", "version":"1722026895835"}}
{"logTime": "1130/225255", "correlationVector":"98SCxLf6VKkR+VPaOUqdSd.26","action":"GetUpdates", "result":"DeleteReceived", "context":{"id":"0182c0d6-a8ae-4597-8a44-d875e3fb874e", "isDeleted:":"true", "version":"1722026897172"}}
{"logTime": "1130/225255", "correlationVector":"98SCxLf6VKkR+VPaOUqdSd.27","action":"GetUpdates", "result":"DeleteReceived", "context":{"id":"52e257a9-bcb6-4c88-9781-208c90b20bd4", "isDeleted:":"true", "version":"1722026898522"}}
{"logTime": "1130/225255", "correlationVector":"98SCxLf6VKkR+VPaOUqdSd.28","action":"GetUpdates", "result":"DeleteReceived", "context":{"id":"e163a82e-5a41-4243-adaa-3daa824be616", "isDeleted:":"true", "version":"1722026899918"}}
{"logTime": "1130/225255", "correlationVector":"98SCxLf6VKkR+VPaOUqdSd.29","action":"GetUpdates", "result":"DeleteReceived", "context":{"id":"4c5f0e9a-f1e2-411b-a40e-ce9d9f43f934", "isDeleted:":"true", "version":"1722026901336"}}
{"logTime": "1130/225255", "correlationVector":"98SCxLf6VKkR+VPaOUqdSd.30","action":"GetUpdates", "result":"DeleteReceived", "context":{"id":"9ecff0c3-1af2-40ed-96f7-f10f5522ccf9", "isDeleted:":"true", "version":"1722026902715"}}
{"logTime": "1130/225255", "correlationVector":"98SCxLf6VKkR+VPaOUqdSd.31","action":"GetUpdates", "result":"DeleteReceived", "context":{"id":"e4b7f0f0-18a3-4fb1-a87b-2d6952417577", "isDeleted:":"true", "version":"1722026904035"}}
{"logTime": "1130/225255", "correlationVector":"98SCxLf6VKkR+VPaOUqdSd.32","action":"GetUpdates", "result":"DeleteReceived", "context":{"id":"19d7200e-4b01-4b5f-806e-7bdc960628c1", "isDeleted:":"true", "version":"1722026910065"}}
{"logTime": "1130/225255", "correlationVector":"98SCxLf6VKkR+VPaOUqdSd.33","action":"GetUpdates", "result":"DeleteReceived", "context":{"id":"15a1bea9-9617-428a-b19e-c8c0d09464c3", "isDeleted:":"true", "version":"1722459400912"}}
{"logTime": "1130/225255", "correlationVector":"98SCxLf6VKkR+VPaOUqdSd.34","action":"GetUpdates", "result":"DeleteReceived", "context":{"id":"9f341277-36f5-43bf-9f91-4a60728cfba8", "isDeleted:":"true", "version":"1723395590626"}}
{"logTime": "1130/225255", "correlationVector":"98SCxLf6VKkR+VPaOUqdSd.35","action":"GetUpdates", "result":"DeleteReceived", "context":{"id":"5565257b-3eef-4d2f-be09-05f94cb884f2", "isDeleted:":"true", "version":"1725576682628"}}
{"logTime": "1130/225255", "correlationVector":"98SCxLf6VKkR+VPaOUqdSd.36","action":"GetUpdates", "result":"DeleteReceived", "context":{"id":"e0f67daa-21d2-49df-b34f-5a0189ec183c", "isDeleted:":"true", "version":"1726068503902"}}
{"logTime": "1130/225255", "correlationVector":"98SCxLf6VKkR+VPaOUqdSd.37","action":"GetUpdates", "result":"DeleteReceived", "context":{"id":"5ee46864-18a3-43c9-80a8-9f98e6a8e29c", "isDeleted:":"true", "version":"1726107912697"}}
{"logTime": "1130/225255", "correlationVector":"98SCxLf6VKkR+VPaOUqdSd.38","action":"GetUpdates", "result":"DeleteReceived", "context":{"id":"35696b0f-5ec6-4d00-b284-9352144489cd", "isDeleted:":"true", "version":"1726788306020"}}
{"logTime": "1130/225255", "correlationVector":"98SCxLf6VKkR+VPaOUqdSd.39","action":"GetUpdates Response", "result":"Success", "context":Received 200 update(s). cV=98SCxLf6VKkR+VPaOUqdSd.0;server=GENERAL0100000I;cloudType=Consumer;environment=Prod_NorthCentralUS_000g;migrationStage=NotStarted}
{"logTime": "1130/225256", "correlationVector":"kjBe8vaRZ2caWVgQuPQHBh","action":"Normal GetUpdate request", "result":"", "context":cV=kjBe8vaRZ2caWVgQuPQHBh
Nudged types: Sessions, Device Info
Refresh requested types: Bookmarks, Preferences, Passwords, Autofill Profiles, Autofill, Typed URLs, Extensions, Sessions, Extension settings, History Delete Directives, Device Info, User Consents, Send Tab To Self, Web Apps, Collection, Edge E Drop, Edge Hub App Usage, Edge Tab Group, Edge Wallet, Encryption Keys}
{"logTime": "1130/225257", "correlationVector":"kjBe8vaRZ2caWVgQuPQHBh.1","action":"SyncServerConnectionManagerRequest", "result":"SYNC_SERVER_OK", "context":{"environment":"Prod_NorthCentralUS_000g", "migrationStage":"NotStarted", "server":"GENERAL0100001M"}}
{"logTime": "1130/225257", "correlationVector":"kjBe8vaRZ2caWVgQuPQHBh.2","action":"GetUpdates", "result":"DeleteReceived", "context":{"id":"0e015e71-ee69-4ae8-bea7-1e4cdc3a5bc1", "isDeleted:":"true", "version":"1733007112061"}}
{"logTime": "1130/225257", "correlationVector":"kjBe8vaRZ2caWVgQuPQHBh.3","action":"GetUpdates Response", "result":"Success", "context":Received 5 update(s). cV=kjBe8vaRZ2caWVgQuPQHBh.0;server=GENERAL0100001M;cloudType=Consumer;environment=Prod_NorthCentralUS_000g;migrationStage=NotStarted}
{"logTime": "1130/225257", "correlationVector":"U2N4HXS1iz/Od2iyHOwi+0","action":"Commit Request", "result":"", "context":Item count: 4
Contributing types: Sessions, Device Info}
{"logTime": "1130/225258", "correlationVector":"U2N4HXS1iz/Od2iyHOwi+0.1","action":"SyncServerConnectionManagerRequest", "result":"SYNC_SERVER_OK", "context":{"environment":"Prod_NorthCentralUS_000g", "migrationStage":"NotStarted", "server":"GENERAL01000013"}}
{"logTime": "1130/225258", "correlationVector":"U2N4HXS1iz/Od2iyHOwi+0.3","action":"Commit.Sessions", "result":"Success", "context":{"id":"ad0598b7-9769-4d96-a792-2a9f303d7fac", "isDeleted":"true", "size":"0", "version":"1733007124702"}}
{"logTime": "1130/225258", "correlationVector":"U2N4HXS1iz/Od2iyHOwi+0.2","action":"Commit Response", "result":"Success", "context":Result: Success. cV=U2N4HXS1iz/Od2iyHOwi+0.0;server=GENERAL01000013;cloudType=Consumer;environment=Prod_NorthCentralUS_000g;migrationStage=NotStarted}
{"logTime": "1130/225848", "correlationVector":"c4U9oDy3AubpcU5qzv3mnB.1","action":"SyncServerConnectionManagerRequest", "result":"SYNC_SERVER_OK", "context":{"environment":"Prod_NorthCentralUS_000g", "migrationStage":"NotStarted", "server":"GENERAL01000009"}}
{"logTime": "1130/225848", "correlationVector":"KChI6AMUd97BVsuW76mPco","action":"SyncServerConnectionManagerRequest", "result":"SYNC_SERVER_OK", "context":{"environment":"", "migrationStage":"", "server":""}}
{"logTime": "1130/225848", "correlationVector":"c4U9oDy3AubpcU5qzv3mnB","action":"Initial GetUpdates", "result":"", "context":Reason: NEW_CLIENT. cV=c4U9oDy3AubpcU5qzv3mnB}
{"logTime": "1130/225848", "correlationVector":"c4U9oDy3AubpcU5qzv3mnB.2","action":"GetUpdates Response", "result":"Success", "context":Received 1 update(s). cV=c4U9oDy3AubpcU5qzv3mnB.0;server=GENERAL01000009;cloudType=Consumer;environment=Prod_NorthCentralUS_000g;migrationStage=NotStarted}
{"logTime": "1130/225848", "correlationVector":"Mvfr/CnKI3pn4BBkFw7kky","action":"Initial GetUpdates", "result":"", "context":Reason: NEWLY_SUPPORTED_DATATYPE. cV=Mvfr/CnKI3pn4BBkFw7kky}
{"logTime": "1130/225849", "correlationVector":"Mvfr/CnKI3pn4BBkFw7kky.1","action":"SyncServerConnectionManagerRequest", "result":"SYNC_SERVER_OK", "context":{"environment":"Prod_NorthCentralUS_000g", "migrationStage":"NotStarted", "server":"GENERAL0100002A"}}
{"logTime": "1130/225849", "correlationVector":"Mvfr/CnKI3pn4BBkFw7kky.2","action":"GetUpdates", "result":"DeleteReceived", "context":{"id":"d7e85615-2866-4ef4-af9a-69be86aca7e6", "isDeleted:":"true", "version":"1702614621353"}}
{"logTime": "1130/225849", "correlationVector":"Mvfr/CnKI3pn4BBkFw7kky.3","action":"GetUpdates", "result":"DeleteReceived", "context":{"id":"fb655105-3185-42b0-b72a-b1c154c0ecb7", "isDeleted:":"true", "version":"1705010019343"}}
{"logTime": "1130/225849", "correlationVector":"Mvfr/CnKI3pn4BBkFw7kky.4","action":"GetUpdates", "result":"DeleteReceived", "context":{"id":"d351ea83-197f-45c7-b5dd-5e29fd70cdba", "isDeleted:":"true", "version":"1705190003387"}}
{"logTime": "1130/225849", "correlationVector":"Mvfr/CnKI3pn4BBkFw7kky.5","action":"GetUpdates", "result":"DeleteReceived", "context":{"id":"637c266b-0b22-4a8e-bc47-38f640af8113", "isDeleted:":"true", "version":"1705190838952"}}
{"logTime": "1130/225849", "correlationVector":"Mvfr/CnKI3pn4BBkFw7kky.6","action":"GetUpdates", "result":"DeleteReceived", "context":{"id":"f679a30f-d01b-44bf-9c0c-98f1cb687541", "isDeleted:":"true", "version":"1708974513017"}}
{"logTime": "1130/225849", "correlationVector":"Mvfr/CnKI3pn4BBkFw7kky.7","action":"GetUpdates", "result":"DeleteReceived", "context":{"id":"ae44e59e-182d-4d77-bb9f-106078be1bf7", "isDeleted:":"true", "version":"1709940774949"}}
{"logTime": "1130/225849", "correlationVector":"Mvfr/CnKI3pn4BBkFw7kky.8","action":"GetUpdates", "result":"DeleteReceived", "context":{"id":"1562e350-22be-441b-950e-5147aa25f06f", "isDeleted:":"true", "version":"1709940774950"}}
{"logTime": "1130/225849", "correlationVector":"Mvfr/CnKI3pn4BBkFw7kky.9","action":"GetUpdates", "result":"DeleteReceived", "context":{"id":"0a1f8ecb-4a78-40fd-ab27-89235e176c3a", "isDeleted:":"true", "version":"1711046314016"}}
{"logTime": "1130/225849", "correlationVector":"Mvfr/CnKI3pn4BBkFw7kky.10","action":"GetUpdates", "result":"DeleteReceived", "context":{"id":"66c27af8-c021-410f-98b2-2a1a14ec8258", "isDeleted:":"true", "version":"1711046427370"}}
{"logTime": "1130/225849", "correlationVector":"Mvfr/CnKI3pn4BBkFw7kky.11","action":"GetUpdates", "result":"DeleteReceived", "context":{"id":"e421c268-2a06-496a-978c-17cc592db021", "isDeleted:":"true", "version":"1711046429970"}}
{"logTime": "1130/225849", "correlationVector":"Mvfr/CnKI3pn4BBkFw7kky.12","action":"GetUpdates", "result":"DeleteReceived", "context":{"id":"e74423de-8eeb-424c-900f-67bf66d54da5", "isDeleted:":"true", "version":"1711046432585"}}
{"logTime": "1130/225849", "correlationVector":"Mvfr/CnKI3pn4BBkFw7kky.13","action":"GetUpdates", "result":"DeleteReceived", "context":{"id":"8648843a-cb10-4ec8-9808-f6b3f9a1a0f1", "isDeleted:":"true", "version":"1711046434276"}}
{"logTime": "1130/225849", "correlationVector":"Mvfr/CnKI3pn4BBkFw7kky.14","action":"GetUpdates", "result":"DeleteReceived", "context":{"id":"096b6e2f-3cca-44b3-ad22-981eb2245e4c", "isDeleted:":"true", "version":"1711046435668"}}
{"logTime": "1130/225849", "correlationVector":"Mvfr/CnKI3pn4BBkFw7kky.15","action":"GetUpdates", "result":"DeleteReceived", "context":{"id":"5d22a5ab-b5c3-4a7d-8196-a5c376425624", "isDeleted:":"true", "version":"1711046437106"}}
{"logTime": "1130/225849", "correlationVector":"Mvfr/CnKI3pn4BBkFw7kky.16","action":"GetUpdates", "result":"DeleteReceived", "context":{"id":"d30ad808-231b-4db1-a4eb-7d71b8a78168", "isDeleted:":"true", "version":"1711046446017"}}
{"logTime": "1130/225849", "correlationVector":"Mvfr/CnKI3pn4BBkFw7kky.17","action":"GetUpdates", "result":"DeleteReceived", "context":{"id":"5d6b3f73-0303-4892-932a-28e6805c3234", "isDeleted:":"true", "version":"1711046447470"}}
{"logTime": "1130/225849", "correlationVector":"Mvfr/CnKI3pn4BBkFw7kky.18","action":"GetUpdates", "result":"DeleteReceived", "context":{"id":"55059063-a5d1-486a-beea-43e32ae494fc", "isDeleted:":"true", "version":"1711046450335"}}
{"logTime": "1130/225849", "correlationVector":"Mvfr/CnKI3pn4BBkFw7kky.19","action":"GetUpdates", "result":"DeleteReceived", "context":{"id":"1cc2e74d-b4cc-49ef-b8b4-6c3f032bfee6", "isDeleted:":"true", "version":"1711911695518"}}
{"logTime": "1130/225849", "correlationVector":"Mvfr/CnKI3pn4BBkFw7kky.20","action":"GetUpdates", "result":"DeleteReceived", "context":{"id":"aba6b6e8-5446-4b8a-bbd7-a97c8084dab3", "isDeleted:":"true", "version":"1714762359829"}}
{"logTime": "1130/225849", "correlationVector":"Mvfr/CnKI3pn4BBkFw7kky.21","action":"GetUpdates", "result":"DeleteReceived", "context":{"id":"72aa9ae8-8e37-4020-b1b1-279a0cb1af44", "isDeleted:":"true", "version":"1715051353864"}}
{"logTime": "1130/225849", "correlationVector":"Mvfr/CnKI3pn4BBkFw7kky.22","action":"GetUpdates", "result":"DeleteReceived", "context":{"id":"da6ae0e7-ec50-4d9e-baf4-4c7f7b0b1509", "isDeleted:":"true", "version":"1715456811004"}}
{"logTime": "1130/225849", "correlationVector":"Mvfr/CnKI3pn4BBkFw7kky.23","action":"GetUpdates", "result":"DeleteReceived", "context":{"id":"1f4c6645-ca90-4d4b-a59d-2dcfa472df37", "isDeleted:":"true", "version":"1715460729571"}}
{"logTime": "1130/225849", "correlationVector":"Mvfr/CnKI3pn4BBkFw7kky.24","action":"GetUpdates", "result":"DeleteReceived", "context":{"id":"867e739d-ed1f-4b37-933f-061e95c8193c", "isDeleted:":"true", "version":"1716240534408"}}
{"logTime": "1130/225849", "correlationVector":"Mvfr/CnKI3pn4BBkFw7kky.25","action":"GetUpdates", "result":"DeleteReceived", "context":{"id":"15f0dca4-d379-448d-a8b1-8b4283c93e5b", "isDeleted:":"true", "version":"1722026895835"}}
{"logTime": "1130/225849", "correlationVector":"Mvfr/CnKI3pn4BBkFw7kky.26","action":"GetUpdates", "result":"DeleteReceived", "context":{"id":"0182c0d6-a8ae-4597-8a44-d875e3fb874e", "isDeleted:":"true", "version":"1722026897172"}}
{"logTime": "1130/225849", "correlationVector":"Mvfr/CnKI3pn4BBkFw7kky.27","action":"GetUpdates", "result":"DeleteReceived", "context":{"id":"52e257a9-bcb6-4c88-9781-208c90b20bd4", "isDeleted:":"true", "version":"1722026898522"}}
{"logTime": "1130/225849", "correlationVector":"Mvfr/CnKI3pn4BBkFw7kky.28","action":"GetUpdates", "result":"DeleteReceived", "context":{"id":"e163a82e-5a41-4243-adaa-3daa824be616", "isDeleted:":"true", "version":"1722026899918"}}
{"logTime": "1130/225849", "correlationVector":"Mvfr/CnKI3pn4BBkFw7kky.29","action":"GetUpdates", "result":"DeleteReceived", "context":{"id":"4c5f0e9a-f1e2-411b-a40e-ce9d9f43f934", "isDeleted:":"true", "version":"1722026901336"}}
{"logTime": "1130/225849", "correlationVector":"Mvfr/CnKI3pn4BBkFw7kky.30","action":"GetUpdates", "result":"DeleteReceived", "context":{"id":"9ecff0c3-1af2-40ed-96f7-f10f5522ccf9", "isDeleted:":"true", "version":"1722026902715"}}
{"logTime": "1130/225849", "correlationVector":"Mvfr/CnKI3pn4BBkFw7kky.31","action":"GetUpdates", "result":"DeleteReceived", "context":{"id":"e4b7f0f0-18a3-4fb1-a87b-2d6952417577", "isDeleted:":"true", "version":"1722026904035"}}
{"logTime": "1130/225849", "correlationVector":"Mvfr/CnKI3pn4BBkFw7kky.32","action":"GetUpdates", "result":"DeleteReceived", "context":{"id":"19d7200e-4b01-4b5f-806e-7bdc960628c1", "isDeleted:":"true", "version":"1722026910065"}}
{"logTime": "1130/225849", "correlationVector":"Mvfr/CnKI3pn4BBkFw7kky.33","action":"GetUpdates", "result":"DeleteReceived", "context":{"id":"15a1bea9-9617-428a-b19e-c8c0d09464c3", "isDeleted:":"true", "version":"1722459400912"}}
{"logTime": "1130/225849", "correlationVector":"Mvfr/CnKI3pn4BBkFw7kky.34","action":"GetUpdates", "result":"DeleteReceived", "context":{"id":"9f341277-36f5-43bf-9f91-4a60728cfba8", "isDeleted:":"true", "version":"1723395590626"}}
{"logTime": "1130/225849", "correlationVector":"Mvfr/CnKI3pn4BBkFw7kky.35","action":"GetUpdates", "result":"DeleteReceived", "context":{"id":"5565257b-3eef-4d2f-be09-05f94cb884f2", "isDeleted:":"true", "version":"1725576682628"}}
{"logTime": "1130/225849", "correlationVector":"Mvfr/CnKI3pn4BBkFw7kky.36","action":"GetUpdates", "result":"DeleteReceived", "context":{"id":"e0f67daa-21d2-49df-b34f-5a0189ec183c", "isDeleted:":"true", "version":"1726068503902"}}
{"logTime": "1130/225849", "correlationVector":"Mvfr/CnKI3pn4BBkFw7kky.37","action":"GetUpdates", "result":"DeleteReceived", "context":{"id":"5ee46864-18a3-43c9-80a8-9f98e6a8e29c", "isDeleted:":"true", "version":"1726107912697"}}
{"logTime": "1130/225849", "correlationVector":"Mvfr/CnKI3pn4BBkFw7kky.38","action":"GetUpdates", "result":"DeleteReceived", "context":{"id":"35696b0f-5ec6-4d00-b284-9352144489cd", "isDeleted:":"true", "version":"1726788306020"}}
{"logTime": "1130/225849", "correlationVector":"Mvfr/CnKI3pn4BBkFw7kky.39","action":"GetUpdates Response", "result":"Success", "context":Received 200 update(s). cV=Mvfr/CnKI3pn4BBkFw7kky.0;server=GENERAL0100002A;cloudType=Consumer;environment=Prod_NorthCentralUS_000g;migrationStage=NotStarted}
{"logTime": "1130/225849", "correlationVector":"Hj1IGsHQ0IcPlzk5NIuSde","action":"Normal GetUpdate request", "result":"", "context":cV=Hj1IGsHQ0IcPlzk5NIuSde
Nudged types: Preferences, Sessions, Device Info
Refresh requested types: Bookmarks, Preferences, Passwords, Autofill Profiles, Autofill, Typed URLs, Extensions, Sessions, Extension settings, History Delete Directives, Device Info, User Consents, Send Tab To Self, Web Apps, Collection, Edge E Drop, Edge Hub App Usage, Edge Tab Group, Edge Wallet, Encryption Keys}
{"logTime": "1130/225850", "correlationVector":"Hj1IGsHQ0IcPlzk5NIuSde.1","action":"SyncServerConnectionManagerRequest", "result":"SYNC_SERVER_OK", "context":{"environment":"Prod_NorthCentralUS_000g", "migrationStage":"NotStarted", "server":"GENERAL01000027"}}
{"logTime": "1130/225850", "correlationVector":"Hj1IGsHQ0IcPlzk5NIuSde.2","action":"GetUpdates", "result":"DeleteReceived", "context":{"id":"ad0598b7-9769-4d96-a792-2a9f303d7fac", "isDeleted:":"true", "version":"1733007177765"}}
{"logTime": "1130/225850", "correlationVector":"Hj1IGsHQ0IcPlzk5NIuSde.3","action":"GetUpdates", "result":"DeleteReceived", "context":{"id":"2c6c51d9-5f0c-49c0-bda7-4cae47047731", "isDeleted:":"true", "version":"1733007200340"}}
{"logTime": "1130/225850", "correlationVector":"Hj1IGsHQ0IcPlzk5NIuSde.4","action":"GetUpdates", "result":"DeleteReceived", "context":{"id":"126e88a9-9a07-45d8-9c9a-3623ff4ef0ea", "isDeleted:":"true", "version":"1733007232878"}}
{"logTime": "1130/225850", "correlationVector":"Hj1IGsHQ0IcPlzk5NIuSde.5","action":"GetUpdates Response", "result":"Success", "context":Received 11 update(s). cV=Hj1IGsHQ0IcPlzk5NIuSde.0;server=GENERAL01000027;cloudType=Consumer;environment=Prod_NorthCentralUS_000g;migrationStage=NotStarted}
{"logTime": "1130/225850", "correlationVector":"Hv06XCwoiWGf2a4nxiPxvD","action":"Commit Request", "result":"", "context":Item count: 5
Contributing types: Preferences, Sessions, Device Info}
{"logTime": "1130/225852", "correlationVector":"Hv06XCwoiWGf2a4nxiPxvD.1","action":"SyncServerConnectionManagerRequest", "result":"SYNC_SERVER_OK", "context":{"environment":"Prod_NorthCentralUS_000g", "migrationStage":"NotStarted", "server":"GENERAL01000014"}}
{"logTime": "1130/225852", "correlationVector":"Hv06XCwoiWGf2a4nxiPxvD.3","action":"Commit.Sessions", "result":"Success", "context":{"id":"675808b9-4547-4c1e-93d1-9b3390b8f993", "isDeleted":"true", "size":"0", "version":"1733007177764"}}
{"logTime": "1130/225852", "correlationVector":"Hv06XCwoiWGf2a4nxiPxvD.2","action":"Commit Response", "result":"Success", "context":Result: Success. cV=Hv06XCwoiWGf2a4nxiPxvD.0;server=GENERAL01000014;cloudType=Consumer;environment=Prod_NorthCentralUS_000g;migrationStage=NotStarted}
{"logTime": "1130/225900", "correlationVector":"VIIh9seHVJCwu7oN+SV0tU","action":"Commit Request", "result":"", "context":Item count: 2
Contributing types: Preferences, Sessions}
{"logTime": "1130/225901", "correlationVector":"VIIh9seHVJCwu7oN+SV0tU.1","action":"SyncServerConnectionManagerRequest", "result":"SYNC_SERVER_OK", "context":{"environment":"Prod_NorthCentralUS_000g", "migrationStage":"NotStarted", "server":"GENERAL01000011"}}
{"logTime": "1130/225901", "correlationVector":"VIIh9seHVJCwu7oN+SV0tU.2","action":"Commit Response", "result":"Success", "context":Result: Success. cV=VIIh9seHVJCwu7oN+SV0tU.0;server=GENERAL01000011;cloudType=Consumer;environment=Prod_NorthCentralUS_000g;migrationStage=NotStarted}
{"logTime": "1130/225911", "correlationVector":"2RKp7gDfzuasmlJgda7v2W","action":"Commit Request", "result":"", "context":Item count: 1
Contributing types: Preferences}
{"logTime": "1130/225912", "correlationVector":"2RKp7gDfzuasmlJgda7v2W.1","action":"SyncServerConnectionManagerRequest", "result":"SYNC_SERVER_OK", "context":{"environment":"Prod_NorthCentralUS_000g", "migrationStage":"NotStarted", "server":"GENERAL01000025"}}
{"logTime": "1130/225912", "correlationVector":"2RKp7gDfzuasmlJgda7v2W.2","action":"Commit Response", "result":"Success", "context":Result: Success. cV=2RKp7gDfzuasmlJgda7v2W.0;server=GENERAL01000025;cloudType=Consumer;environment=Prod_NorthCentralUS_000g;migrationStage=NotStarted}
{"logTime": "1130/225945", "correlationVector":"vwefj5WetBDO9o1e3HZdBi","action":"Commit Request", "result":"", "context":Item count: 1
Contributing types: Autofill Profiles}
{"logTime": "1130/225946", "correlationVector":"vwefj5WetBDO9o1e3HZdBi.1","action":"SyncServerConnectionManagerRequest", "result":"SYNC_SERVER_OK", "context":{"environment":"Prod_NorthCentralUS_000g", "migrationStage":"NotStarted", "server":"GENERAL01000009"}}
{"logTime": "1130/225946", "correlationVector":"vwefj5WetBDO9o1e3HZdBi.2","action":"Commit Response", "result":"Success", "context":Result: Success. cV=vwefj5WetBDO9o1e3HZdBi.0;server=GENERAL01000009;cloudType=Consumer;environment=Prod_NorthCentralUS_000g;migrationStage=NotStarted}
{"logTime": "1130/225957", "correlationVector":"hPnRYdxSMvzdyOpK7U1gym","action":"Commit Request", "result":"", "context":Item count: 1
Contributing types: Autofill Profiles}
{"logTime": "1130/225958", "correlationVector":"hPnRYdxSMvzdyOpK7U1gym.1","action":"SyncServerConnectionManagerRequest", "result":"SYNC_SERVER_OK", "context":{"environment":"Prod_NorthCentralUS_000g", "migrationStage":"NotStarted", "server":"GENERAL01000009"}}
{"logTime": "1130/225958", "correlationVector":"hPnRYdxSMvzdyOpK7U1gym.2","action":"Commit Response", "result":"Success", "context":Result: Success. cV=hPnRYdxSMvzdyOpK7U1gym.0;server=GENERAL01000009;cloudType=Consumer;environment=Prod_NorthCentralUS_000g;migrationStage=NotStarted}
{"logTime": "1130/230034", "correlationVector":"xY7AyFNSDu1Gu1C8t+k6cc","action":"Commit Request", "result":"", "context":Item count: 1
Contributing types: Autofill Profiles}
{"logTime": "1130/230035", "correlationVector":"xY7AyFNSDu1Gu1C8t+k6cc.1","action":"SyncServerConnectionManagerRequest", "result":"SYNC_SERVER_OK", "context":{"environment":"Prod_NorthCentralUS_000g", "migrationStage":"NotStarted", "server":"GENERAL0100001X"}}
{"logTime": "1130/230035", "correlationVector":"xY7AyFNSDu1Gu1C8t+k6cc.2","action":"Commit Response", "result":"Success", "context":Result: Success. cV=xY7AyFNSDu1Gu1C8t+k6cc.0;server=GENERAL0100001X;cloudType=Consumer;environment=Prod_NorthCentralUS_000g;migrationStage=NotStarted}
