2024-12-03 03:22:20.156: [INFO][Sync] Reset engine, reason: 8
2024-12-03 03:22:20.156: [INFO][Sync] Stopped: Bookmarks
2024-12-03 03:22:20.156: [INFO][Sync] Stopped: Preferences
2024-12-03 03:22:20.156: [INFO][Sync] Stopped: Passwords
2024-12-03 03:22:20.156: [INFO][Sync] Stopped: Autofill Profiles
2024-12-03 03:22:20.156: [INFO][Sync] Stopped: Autofill
2024-12-03 03:22:20.156: [INFO][Sync] Stopped: Typed URLs
2024-12-03 03:22:20.156: [INFO][Sync] Stopped: Extensions
2024-12-03 03:22:20.156: [INFO][Sync] Stopped: Sessions
2024-12-03 03:22:20.156: [INFO][Sync] Stopped: Extension settings
2024-12-03 03:22:20.156: [INFO][Sync] Stopped: History Delete Directives
2024-12-03 03:22:20.156: [INFO][Sync] Stopped: Device Info
2024-12-03 03:22:20.156: [INFO][Sync] Stopped: User Consents
2024-12-03 03:22:20.156: [INFO][Sync] Stopped: Send Tab To Self
2024-12-03 03:22:20.156: [INFO][Sync] Stopped: Web Apps
2024-12-03 03:22:20.156: [INFO][Sync] Stopped: History
2024-12-03 03:22:20.156: [INFO][Sync] Stopped: Collection
2024-12-03 03:22:20.156: [INFO][Sync] Stopped: Edge E Drop
2024-12-03 03:22:20.156: [INFO][Sync] Stopped: Edge Hub App Usage
2024-12-03 03:22:20.156: [INFO][Sync] Stopped: Edge Tab Group
2024-12-03 03:22:20.156: [INFO][Sync] Stopped: Edge Wallet
2024-12-03 03:22:20.156: [INFO][Sync] SyncState after authenticated was: NotSignedIn
2024-12-03 03:22:20.612: [INFO][Sync] Reset engine, reason: 8
2024-12-03 03:22:20.612: [INFO][Sync] Stopped: Bookmarks
2024-12-03 03:22:20.612: [INFO][Sync] Stopped: Preferences
2024-12-03 03:22:20.612: [INFO][Sync] Stopped: Passwords
2024-12-03 03:22:20.612: [INFO][Sync] Stopped: Autofill Profiles
2024-12-03 03:22:20.612: [INFO][Sync] Stopped: Autofill
2024-12-03 03:22:20.612: [INFO][Sync] Stopped: Typed URLs
2024-12-03 03:22:20.612: [INFO][Sync] Stopped: Extensions
2024-12-03 03:22:20.612: [INFO][Sync] Stopped: Sessions
2024-12-03 03:22:20.612: [INFO][Sync] Stopped: Extension settings
2024-12-03 03:22:20.612: [INFO][Sync] Stopped: History Delete Directives
2024-12-03 03:22:20.612: [INFO][Sync] Stopped: Device Info
2024-12-03 03:22:20.612: [INFO][Sync] Stopped: User Consents
2024-12-03 03:22:20.612: [INFO][Sync] Stopped: Send Tab To Self
2024-12-03 03:22:20.612: [INFO][Sync] Stopped: Web Apps
2024-12-03 03:22:20.612: [INFO][Sync] Stopped: History
2024-12-03 03:22:20.612: [INFO][Sync] Stopped: Collection
2024-12-03 03:22:20.612: [INFO][Sync] Stopped: Edge E Drop
2024-12-03 03:22:20.612: [INFO][Sync] Stopped: Edge Hub App Usage
2024-12-03 03:22:20.612: [INFO][Sync] Stopped: Edge Tab Group
2024-12-03 03:22:20.612: [INFO][Sync] Stopped: Edge Wallet
2024-12-03 03:22:21.188: [INFO][Sync] Try to start sync engine
2024-12-03 03:22:21.190: [INFO][SyncManagerImpl::NudgeForInitialDownload] Initial download nudge for Encryption Keys
2024-12-03 03:22:21.190: [INFO][SyncEngineBackend::LoadAndConnectNigoriController] Load and connect Nigori controller
2024-12-03 03:22:21.190: [INFO][SyncEngineBackend::DoInitialize] Control Types added: Encryption Keys
2024-12-03 03:22:21.190: [INFO][SyncManagerImpl::ConfigureSyncer] Types to download: Encryption Keys with reason: 3
2024-12-03 03:22:21.190: [INFO][SyncSchedulerImpl::DoConfigurationSyncCycleJob] Configure job was blocked
2024-12-03 03:22:21.376: [INFO][SyncAuthManager::SetLastAuthError] Current auth error: None
2024-12-03 03:22:21.376: [INFO][SyncAuthManager::EdgeLogTokenErrorState] Token error with: None for account type: MSA
2024-12-03 03:22:21.376: [INFO][Sync] Credentials changed for: EdgeSyncScopeNew
2024-12-03 03:22:23.445: [INFO][SyncAuthManager::SetLastAuthError] Current auth error: None
2024-12-03 03:22:23.445: [INFO][SyncAuthManager::EdgeLogTokenErrorState] Token error with: None for account type: MSA
2024-12-03 03:22:23.445: [INFO][Sync] Credentials changed for: EdgeSyncKeyDataScope
2024-12-03 03:22:23.446: [INFO][SyncEngineBackend::DoUpdateKeyDataCredentials] Update key data credentials
2024-12-03 03:22:23.446: [INFO][SyncEngineBackend::DoUpdateCredentials] Update credentials
2024-12-03 03:22:23.447: [INFO][SyncSchedulerImpl::DoConfigurationSyncCycleJob] Blocked types:  and types to download: Encryption Keys
2024-12-03 03:22:24.714: [INFO][Sync] Started DataTypeManager configuration, reason: 4
2024-12-03 03:22:24.715: [INFO][Sync] Configuring for: Bookmarks, Preferences, Passwords, Autofill Profiles, Autofill, Typed URLs, Extensions, Sessions, Extension settings, History Delete Directives, Device Info, User Consents, Send Tab To Self, Web Apps, Collection, Edge E Drop, Edge Hub App Usage, Edge Tab Group, Edge Wallet, Encryption Keys, reason: 3, current state: 0
2024-12-03 03:22:24.717: [INFO][Sync] Configure, desired: Bookmarks, Preferences, Typed URLs, Extensions, Sessions, Extension settings, History Delete Directives, Device Info, User Consents, Send Tab To Self, Web Apps, Collection, Edge E Drop, Edge Hub App Usage, Edge Tab Group, Edge Wallet, Encryption Keys; Allow fail: Passwords, Autofill Profiles, Autofill
2024-12-03 03:22:24.717: [INFO][Sync] Loading: Bookmarks
2024-12-03 03:22:24.717: [INFO][Sync] Loading: Preferences
2024-12-03 03:22:24.717: [INFO][Sync] Loading: Typed URLs
2024-12-03 03:22:24.717: [INFO][Sync] Loading: Extensions
2024-12-03 03:22:24.717: [INFO][Sync] Loading: Sessions
2024-12-03 03:22:24.717: [INFO][Sync] Loading: Extension settings
2024-12-03 03:22:24.717: [INFO][Sync] Loading: History Delete Directives
2024-12-03 03:22:24.717: [INFO][Sync] Loading: Device Info
2024-12-03 03:22:24.717: [INFO][Sync] Loading: User Consents
2024-12-03 03:22:24.717: [INFO][Sync] Loading: Send Tab To Self
2024-12-03 03:22:24.717: [INFO][Sync] Loading: Web Apps
2024-12-03 03:22:24.717: [INFO][Sync] Loading: Collection
2024-12-03 03:22:24.717: [INFO][Sync] Loading: Edge E Drop
2024-12-03 03:22:24.717: [INFO][Sync] Loading: Edge Hub App Usage
2024-12-03 03:22:24.717: [INFO][Sync] Loading: Edge Tab Group
2024-12-03 03:22:24.717: [INFO][Sync] Loading: Edge Wallet
2024-12-03 03:22:24.727: [INFO][Sync] All data types are ready for configure.
2024-12-03 03:22:25.104: [INFO][Sync] Started DataTypeManager configuration, reason: 5
2024-12-03 03:22:25.104: [INFO][Sync] Configuring for: Bookmarks, Preferences, Passwords, Autofill Profiles, Autofill, Typed URLs, Extensions, Sessions, Extension settings, History Delete Directives, Device Info, User Consents, Send Tab To Self, Web Apps, Collection, Edge E Drop, Edge Hub App Usage, Edge Tab Group, Edge Wallet, Encryption Keys, reason: 5, current state: 1
2024-12-03 03:22:25.104: [INFO][SyncEngineBackend::DoStartConfiguration] Start configuration
2024-12-03 03:22:25.104: [INFO][SyncManagerImpl::NudgeForInitialDownload] Initial download nudge for Bookmarks
2024-12-03 03:22:25.104: [INFO][SyncManagerImpl::NudgeForInitialDownload] Initial download nudge for Preferences
2024-12-03 03:22:25.104: [INFO][SyncManagerImpl::NudgeForInitialDownload] Initial download nudge for Typed URLs
2024-12-03 03:22:25.104: [INFO][SyncManagerImpl::NudgeForInitialDownload] Initial download nudge for Extensions
2024-12-03 03:22:25.105: [INFO][SyncManagerImpl::NudgeForInitialDownload] Initial download nudge for Sessions
2024-12-03 03:22:25.105: [INFO][SyncManagerImpl::NudgeForInitialDownload] Initial download nudge for Extension settings
2024-12-03 03:22:25.105: [INFO][SyncManagerImpl::NudgeForInitialDownload] Initial download nudge for History Delete Directives
2024-12-03 03:22:25.105: [INFO][SyncManagerImpl::NudgeForInitialDownload] Initial download nudge for Device Info
2024-12-03 03:22:25.105: [INFO][SyncManagerImpl::NudgeForInitialDownload] Initial download nudge for Send Tab To Self
2024-12-03 03:22:25.105: [INFO][SyncManagerImpl::NudgeForInitialDownload] Initial download nudge for Web Apps
2024-12-03 03:22:25.105: [INFO][SyncManagerImpl::NudgeForInitialDownload] Initial download nudge for Collection
2024-12-03 03:22:25.105: [INFO][SyncManagerImpl::NudgeForInitialDownload] Initial download nudge for Edge E Drop
2024-12-03 03:22:25.105: [INFO][SyncManagerImpl::NudgeForInitialDownload] Initial download nudge for Edge Hub App Usage
2024-12-03 03:22:25.105: [INFO][SyncManagerImpl::NudgeForInitialDownload] Initial download nudge for Edge Tab Group
2024-12-03 03:22:25.105: [INFO][SyncManagerImpl::NudgeForInitialDownload] Initial download nudge for Edge Wallet
2024-12-03 03:22:25.105: [INFO][SyncManagerImpl::ConfigureSyncer] Types to download:  with reason: 3
2024-12-03 03:22:25.105: [INFO][SyncEngineBackend::DoFinishConfigureDataTypes] Failed to download types:  and succeeded types: 
2024-12-03 03:22:25.106: [INFO][Sync] ConfigurationDone, failed: , succeeded: , remaining count: 3
2024-12-03 03:22:25.106: [WARN][Sync]     Reconfigure requested while configuration ongoing.
2024-12-03 03:22:25.106: [INFO][Sync] Configuring for: Bookmarks, Preferences, Passwords, Autofill Profiles, Autofill, Typed URLs, Extensions, Sessions, Extension settings, History Delete Directives, Device Info, User Consents, Send Tab To Self, Web Apps, Collection, Edge E Drop, Edge Hub App Usage, Edge Tab Group, Edge Wallet, Encryption Keys, reason: 5, current state: 2
2024-12-03 03:22:25.106: [INFO][Sync] Configure, desired: Bookmarks, Preferences, Passwords, Autofill Profiles, Autofill, Typed URLs, Extensions, Sessions, Extension settings, History Delete Directives, Device Info, User Consents, Send Tab To Self, Web Apps, Collection, Edge E Drop, Edge Hub App Usage, Edge Tab Group, Edge Wallet, Encryption Keys; Allow fail: 
2024-12-03 03:22:25.106: [INFO][Sync] Loading: Passwords
2024-12-03 03:22:25.106: [INFO][Sync] Loading: Autofill Profiles
2024-12-03 03:22:25.106: [INFO][Sync] Loading: Autofill
2024-12-03 03:22:25.107: [INFO][Sync] All data types are ready for configure.
2024-12-03 03:22:25.107: [INFO][SyncManagerImpl::NudgeForInitialDownload] Initial download nudge for Passwords
2024-12-03 03:22:25.107: [INFO][SyncManagerImpl::NudgeForInitialDownload] Initial download nudge for Autofill Profiles
2024-12-03 03:22:25.107: [INFO][SyncManagerImpl::NudgeForInitialDownload] Initial download nudge for Autofill
2024-12-03 03:22:25.107: [INFO][SyncManagerImpl::ConfigureSyncer] Types to download:  with reason: 5
2024-12-03 03:22:25.107: [INFO][SyncEngineBackend::DoFinishConfigureDataTypes] Failed to download types:  and succeeded types: 
2024-12-03 03:22:25.108: [INFO][Sync] ConfigurationDone, failed: , succeeded: , remaining count: 3
2024-12-03 03:22:25.108: [INFO][Sync] Prepare to configure types: Preferences, Passwords, Device Info, Send Tab To Self, Edge E Drop, Encryption Keys
2024-12-03 03:22:25.108: [INFO][SyncManagerImpl::ConfigureSyncer] Types to download: Preferences, Passwords, Device Info, Send Tab To Self, Edge E Drop, Encryption Keys with reason: 5
2024-12-03 03:22:25.108: [INFO][SyncSchedulerImpl::DoConfigurationSyncCycleJob] Blocked types:  and types to download: Preferences, Passwords, Device Info, Send Tab To Self, Edge E Drop, Encryption Keys
2024-12-03 03:22:27.611: [INFO][SyncEngineBackend::DoFinishConfigureDataTypes] Failed to download types:  and succeeded types: Preferences, Passwords, Device Info, Send Tab To Self, Edge E Drop, Encryption Keys
2024-12-03 03:22:27.612: [INFO][Sync] ConfigurationDone, failed: , succeeded: Preferences, Passwords, Device Info, Send Tab To Self, Edge E Drop, Encryption Keys, remaining count: 2
2024-12-03 03:22:27.613: [INFO][Sync] Prepare to configure types: Bookmarks, Encryption Keys
2024-12-03 03:22:27.613: [INFO][SyncManagerImpl::ConfigureSyncer] Types to download: Bookmarks, Encryption Keys with reason: 5
2024-12-03 03:22:27.613: [INFO][SyncSchedulerImpl::DoConfigurationSyncCycleJob] Blocked types:  and types to download: Bookmarks, Encryption Keys
2024-12-03 03:22:28.223: [INFO][SyncEngineBackend::DoFinishConfigureDataTypes] Failed to download types:  and succeeded types: Bookmarks, Encryption Keys
2024-12-03 03:22:28.224: [INFO][Sync] ConfigurationDone, failed: , succeeded: Bookmarks, Encryption Keys, remaining count: 1
2024-12-03 03:22:28.225: [INFO][Sync] Prepare to configure types: Autofill Profiles, Autofill, Typed URLs, Extensions, Sessions, Extension settings, History Delete Directives, Web Apps, Collection, Edge Hub App Usage, Edge Tab Group, Edge Wallet, Encryption Keys
2024-12-03 03:22:28.225: [INFO][SyncManagerImpl::ConfigureSyncer] Types to download: Autofill Profiles, Autofill, Typed URLs, Extensions, Sessions, Extension settings, History Delete Directives, Web Apps, Collection, Edge Hub App Usage, Edge Tab Group, Edge Wallet, Encryption Keys with reason: 5
2024-12-03 03:22:28.225: [INFO][SyncSchedulerImpl::DoConfigurationSyncCycleJob] Blocked types:  and types to download: Autofill Profiles, Autofill, Typed URLs, Extensions, Sessions, Extension settings, History Delete Directives, Web Apps, Collection, Edge Hub App Usage, Edge Tab Group, Edge Wallet, Encryption Keys
2024-12-03 03:22:46.658: [INFO][SyncEngineBackend::DoFinishConfigureDataTypes] Failed to download types:  and succeeded types: Autofill Profiles, Autofill, Typed URLs, Extensions, Sessions, Extension settings, History Delete Directives, Web Apps, Collection, Edge Hub App Usage, Edge Tab Group, Edge Wallet, Encryption Keys
2024-12-03 03:22:46.663: [INFO][Sync] ConfigurationDone, failed: , succeeded: Autofill Profiles, Autofill, Typed URLs, Extensions, Sessions, Extension settings, History Delete Directives, Web Apps, Collection, Edge Hub App Usage, Edge Tab Group, Edge Wallet, Encryption Keys, remaining count: 0
2024-12-03 03:22:46.666: [INFO][Sync]     Configuration completed, state: 7
2024-12-03 03:22:46.668: [INFO][Sync] Configured DataTypeManager: Ok
2024-12-03 03:22:46.672: [INFO][SyncEngineBackend::DoStartSyncing] Start syncing
2024-12-03 03:24:26.947: [INFO][Sync] Reset engine, reason: 0
2024-12-03 03:24:26.947: [INFO][Sync] Reset engine with reason: 0
2024-12-03 03:41:58.661: [INFO][Sync] SyncState after authenticated was: FeatureCanStart
2024-12-03 03:41:59.050: [INFO][Sync] Try to start sync engine
2024-12-03 03:41:59.051: [INFO][SyncManagerImpl::NudgeForInitialDownload] Initial download nudge for Encryption Keys
2024-12-03 03:41:59.051: [INFO][SyncEngineBackend::LoadAndConnectNigoriController] Load and connect Nigori controller
2024-12-03 03:41:59.051: [INFO][SyncEngineBackend::DoInitialize] Control Types added: Encryption Keys
2024-12-03 03:41:59.052: [INFO][SyncManagerImpl::ConfigureSyncer] Types to download: Encryption Keys with reason: 3
2024-12-03 03:41:59.052: [INFO][SyncSchedulerImpl::DoConfigurationSyncCycleJob] Configure job was blocked
2024-12-03 03:41:59.772: [INFO][SyncAuthManager::SetLastAuthError] Current auth error: None
2024-12-03 03:41:59.772: [INFO][SyncAuthManager::EdgeLogTokenErrorState] Token error with: None for account type: MSA
2024-12-03 03:41:59.772: [INFO][Sync] Credentials changed for: EdgeSyncKeyDataScope
2024-12-03 03:41:59.772: [INFO][SyncEngineBackend::DoUpdateKeyDataCredentials] Update key data credentials
2024-12-03 03:41:59.788: [INFO][SyncAuthManager::SetLastAuthError] Current auth error: None
2024-12-03 03:41:59.788: [INFO][SyncAuthManager::EdgeLogTokenErrorState] Token error with: None for account type: MSA
2024-12-03 03:41:59.788: [INFO][Sync] Credentials changed for: EdgeSyncScopeNew
2024-12-03 03:41:59.788: [INFO][SyncEngineBackend::DoUpdateCredentials] Update credentials
2024-12-03 03:41:59.788: [INFO][SyncEngineBackend::DoUpdateKeyDataCredentials] Update key data credentials
2024-12-03 03:41:59.788: [INFO][SyncSchedulerImpl::DoConfigurationSyncCycleJob] Blocked types:  and types to download: Encryption Keys
2024-12-03 03:42:01.344: [INFO][Sync] Started DataTypeManager configuration, reason: 4
2024-12-03 03:42:01.344: [INFO][Sync] Configuring for: Bookmarks, Preferences, Passwords, Autofill Profiles, Autofill, Typed URLs, Extensions, Sessions, Extension settings, History Delete Directives, Device Info, User Consents, Send Tab To Self, Web Apps, Collection, Edge E Drop, Edge Hub App Usage, Edge Tab Group, Edge Wallet, Encryption Keys, reason: 4, current state: 0
2024-12-03 03:42:01.352: [INFO][Sync] Configure, desired: Bookmarks, Preferences, Typed URLs, Extensions, Sessions, Extension settings, History Delete Directives, Device Info, User Consents, Send Tab To Self, Web Apps, Collection, Edge E Drop, Edge Hub App Usage, Edge Tab Group, Edge Wallet, Encryption Keys; Allow fail: Passwords, Autofill Profiles, Autofill
2024-12-03 03:42:01.352: [INFO][Sync] Loading: Bookmarks
2024-12-03 03:42:01.352: [INFO][Sync] Loading: Preferences
2024-12-03 03:42:01.352: [INFO][Sync] Loading: Typed URLs
2024-12-03 03:42:01.352: [INFO][Sync] Loading: Extensions
2024-12-03 03:42:01.352: [INFO][Sync] Loading: Sessions
2024-12-03 03:42:01.352: [INFO][Sync] Loading: Extension settings
2024-12-03 03:42:01.352: [INFO][Sync] Loading: History Delete Directives
2024-12-03 03:42:01.353: [INFO][Sync] Loading: Device Info
2024-12-03 03:42:01.353: [INFO][Sync] Loading: User Consents
2024-12-03 03:42:01.353: [INFO][Sync] Loading: Send Tab To Self
2024-12-03 03:42:01.353: [INFO][Sync] Loading: Web Apps
2024-12-03 03:42:01.353: [INFO][Sync] Loading: Collection
2024-12-03 03:42:01.353: [INFO][Sync] Loading: Edge E Drop
2024-12-03 03:42:01.353: [INFO][Sync] Loading: Edge Hub App Usage
2024-12-03 03:42:01.353: [INFO][Sync] Loading: Edge Tab Group
2024-12-03 03:42:01.353: [INFO][Sync] Loading: Edge Wallet
2024-12-03 03:42:01.369: [INFO][Sync] All data types are ready for configure.
2024-12-03 03:42:01.908: [INFO][SyncEngineBackend::DoStartConfiguration] Start configuration
2024-12-03 03:42:01.908: [INFO][SyncManagerImpl::ConfigureSyncer] Types to download:  with reason: 4
2024-12-03 03:42:01.908: [INFO][SyncEngineBackend::DoFinishConfigureDataTypes] Failed to download types:  and succeeded types: 
2024-12-03 03:42:01.913: [INFO][Sync] Started DataTypeManager configuration, reason: 5
2024-12-03 03:42:01.913: [INFO][Sync] Configuring for: Bookmarks, Preferences, Passwords, Autofill Profiles, Autofill, Typed URLs, Extensions, Sessions, Extension settings, History Delete Directives, Device Info, User Consents, Send Tab To Self, Web Apps, Collection, Edge E Drop, Edge Hub App Usage, Edge Tab Group, Edge Wallet, Encryption Keys, reason: 5, current state: 1
2024-12-03 03:42:01.924: [INFO][Sync] ConfigurationDone, failed: , succeeded: , remaining count: 3
2024-12-03 03:42:01.924: [WARN][Sync]     Reconfigure requested while configuration ongoing.
2024-12-03 03:42:01.924: [INFO][Sync] Configuring for: Bookmarks, Preferences, Passwords, Autofill Profiles, Autofill, Typed URLs, Extensions, Sessions, Extension settings, History Delete Directives, Device Info, User Consents, Send Tab To Self, Web Apps, Collection, Edge E Drop, Edge Hub App Usage, Edge Tab Group, Edge Wallet, Encryption Keys, reason: 5, current state: 2
2024-12-03 03:42:01.924: [INFO][Sync] Configure, desired: Bookmarks, Preferences, Passwords, Autofill Profiles, Autofill, Typed URLs, Extensions, Sessions, Extension settings, History Delete Directives, Device Info, User Consents, Send Tab To Self, Web Apps, Collection, Edge E Drop, Edge Hub App Usage, Edge Tab Group, Edge Wallet, Encryption Keys; Allow fail: 
2024-12-03 03:42:01.924: [INFO][Sync] Loading: Passwords
2024-12-03 03:42:01.924: [INFO][Sync] Loading: Autofill Profiles
2024-12-03 03:42:01.924: [INFO][Sync] Loading: Autofill
2024-12-03 03:42:01.925: [INFO][Sync] All data types are ready for configure.
2024-12-03 03:42:01.925: [INFO][SyncManagerImpl::NudgeForInitialDownload] Initial download nudge for Passwords
2024-12-03 03:42:01.925: [INFO][SyncManagerImpl::ConfigureSyncer] Types to download:  with reason: 5
2024-12-03 03:42:01.925: [INFO][SyncEngineBackend::DoFinishConfigureDataTypes] Failed to download types:  and succeeded types: 
2024-12-03 03:42:01.925: [INFO][Sync] ConfigurationDone, failed: , succeeded: , remaining count: 3
2024-12-03 03:42:01.925: [INFO][Sync] Prepare to configure types: Passwords, Encryption Keys
2024-12-03 03:42:01.925: [INFO][SyncManagerImpl::ConfigureSyncer] Types to download: Passwords, Encryption Keys with reason: 5
2024-12-03 03:42:01.925: [INFO][SyncSchedulerImpl::DoConfigurationSyncCycleJob] Blocked types:  and types to download: Passwords, Encryption Keys
2024-12-03 03:42:03.006: [INFO][SyncEngineBackend::DoFinishConfigureDataTypes] Failed to download types:  and succeeded types: Passwords, Encryption Keys
2024-12-03 03:42:03.015: [INFO][Sync] ConfigurationDone, failed: , succeeded: Passwords, Encryption Keys, remaining count: 2
2024-12-03 03:42:03.016: [INFO][SyncManagerImpl::ConfigureSyncer] Types to download:  with reason: 5
2024-12-03 03:42:03.016: [INFO][SyncEngineBackend::DoFinishConfigureDataTypes] Failed to download types:  and succeeded types: 
2024-12-03 03:42:03.016: [INFO][Sync] ConfigurationDone, failed: , succeeded: , remaining count: 1
2024-12-03 03:42:03.025: [INFO][SyncManagerImpl::ConfigureSyncer] Types to download:  with reason: 5
2024-12-03 03:42:03.025: [INFO][SyncEngineBackend::DoFinishConfigureDataTypes] Failed to download types:  and succeeded types: 
2024-12-03 03:42:03.027: [INFO][Sync] ConfigurationDone, failed: , succeeded: , remaining count: 0
2024-12-03 03:42:03.038: [INFO][Sync]     Configuration completed, state: 7
2024-12-03 03:42:03.039: [INFO][Sync] Configured DataTypeManager: Ok
2024-12-03 03:42:03.049: [INFO][SyncEngineBackend::DoStartSyncing] Start syncing
2024-12-03 03:43:02.246: [INFO][Sync] Reset engine, reason: 0
2024-12-03 03:43:02.246: [INFO][Sync] Reset engine with reason: 0
