[debug] [2024-11-30T06:54:58.713Z] ----------------------------------------------------------------------
[debug] [2024-11-30T06:54:58.716Z] Command:       C:\Program Files\nodejs\node.exe C:\Users\hp\AppData\Roaming\npm\node_modules\firebase-tools\lib\bin\firebase.js init
[debug] [2024-11-30T06:54:58.717Z] CLI Version:   13.27.0
[debug] [2024-11-30T06:54:58.717Z] Platform:      win32
[debug] [2024-11-30T06:54:58.718Z] Node Version:  v20.18.0
[debug] [2024-11-30T06:54:58.718Z] Time:          Sat Nov 30 2024 01:54:58 GMT-0500 (Eastern Standard Time)
[debug] [2024-11-30T06:54:58.718Z] ----------------------------------------------------------------------
[debug] 
[debug] [2024-11-30T06:54:58.727Z] > command requires scopes: ["email","openid","https://www.googleapis.com/auth/cloudplatformprojects.readonly","https://www.googleapis.com/auth/firebase","https://www.googleapis.com/auth/cloud-platform"]
[debug] [2024-11-30T06:54:58.727Z] > authorizing via signed-in user (heniljjariwala@gmail.com)
[info] 
     ######## #### ########  ######## ########     ###     ######  ########
     ##        ##  ##     ## ##       ##     ##  ##   ##  ##       ##
     ######    ##  ########  ######   ########  #########  ######  ######
     ##        ##  ##    ##  ##       ##     ## ##     ##       ## ##
     ##       #### ##     ## ######## ########  ##     ##  ######  ########

You're about to initialize a Firebase project in this directory:

  D:\Conestoga BCS Year 1\Semester 3\System Analysis and Design\New folder\Group3F24

[info] 
=== Project Setup
[info] 
[info] First, let's associate this project directory with a Firebase project.
[info] You can create multiple project aliases by running firebase use --add, 
[info] but for now we'll just set up a default project.
[info] 
[debug] [2024-11-30T06:55:41.780Z] Checked if tokens are valid: false, expires at: 1732600859032
[debug] [2024-11-30T06:55:41.780Z] Checked if tokens are valid: false, expires at: 1732600859032
[debug] [2024-11-30T06:55:41.780Z] > refreshing access token with scopes: []
[debug] [2024-11-30T06:55:41.782Z] >>> [apiv2][query] POST https://www.googleapis.com/oauth2/v3/token [none]
[debug] [2024-11-30T06:55:41.782Z] >>> [apiv2][body] POST https://www.googleapis.com/oauth2/v3/token [omitted]
[debug] [2024-11-30T06:55:42.283Z] <<< [apiv2][status] POST https://www.googleapis.com/oauth2/v3/token 200
[debug] [2024-11-30T06:55:42.284Z] <<< [apiv2][body] POST https://www.googleapis.com/oauth2/v3/token [omitted]
[debug] [2024-11-30T06:55:42.299Z] >>> [apiv2][query] GET https://firebase.googleapis.com/v1beta1/projects pageSize=100
[debug] [2024-11-30T06:55:43.097Z] <<< [apiv2][status] GET https://firebase.googleapis.com/v1beta1/projects 200
[debug] [2024-11-30T06:55:43.097Z] <<< [apiv2][body] GET https://firebase.googleapis.com/v1beta1/projects [omitted]
[info] i  Using project trackwise-7c43c (TrackWise) 
[info] 
=== Dataconnect Setup
[debug] [2024-11-30T06:55:45.827Z] Checked if tokens are valid: true, expires at: 1732953341284
[debug] [2024-11-30T06:55:45.827Z] Checked if tokens are valid: true, expires at: 1732953341284
[debug] [2024-11-30T06:55:45.827Z] >>> [apiv2][query] GET https://cloudbilling.googleapis.com/v1/projects/trackwise-7c43c/billingInfo [none]
[debug] [2024-11-30T06:55:46.371Z] <<< [apiv2][status] GET https://cloudbilling.googleapis.com/v1/projects/trackwise-7c43c/billingInfo 200
[debug] [2024-11-30T06:55:46.371Z] <<< [apiv2][body] GET https://cloudbilling.googleapis.com/v1/projects/trackwise-7c43c/billingInfo {"name":"projects/trackwise-7c43c/billingInfo","projectId":"trackwise-7c43c","billingAccountName":"","billingEnabled":false}
[info] i  dataconnect: ensuring required API sqladmin.googleapis.com is enabled... 
[debug] [2024-11-30T06:55:46.372Z] Checked if tokens are valid: true, expires at: 1732953341284
[debug] [2024-11-30T06:55:46.372Z] Checked if tokens are valid: true, expires at: 1732953341284
[debug] [2024-11-30T06:55:46.372Z] >>> [apiv2][query] GET https://serviceusage.googleapis.com/v1/projects/trackwise-7c43c/services/sqladmin.googleapis.com [none]
[debug] [2024-11-30T06:55:46.372Z] >>> [apiv2][(partial)header] GET https://serviceusage.googleapis.com/v1/projects/trackwise-7c43c/services/sqladmin.googleapis.com x-goog-quota-user=projects/trackwise-7c43c
[debug] [2024-11-30T06:55:46.887Z] <<< [apiv2][status] GET https://serviceusage.googleapis.com/v1/projects/trackwise-7c43c/services/sqladmin.googleapis.com 200
[debug] [2024-11-30T06:55:46.888Z] <<< [apiv2][body] GET https://serviceusage.googleapis.com/v1/projects/trackwise-7c43c/services/sqladmin.googleapis.com [omitted]
[warn] !  dataconnect: missing required API sqladmin.googleapis.com. Enabling now... 
[debug] [2024-11-30T06:55:46.889Z] Checked if tokens are valid: true, expires at: 1732953341284
[debug] [2024-11-30T06:55:46.889Z] Checked if tokens are valid: true, expires at: 1732953341284
[debug] [2024-11-30T06:55:46.889Z] >>> [apiv2][query] POST https://serviceusage.googleapis.com/v1/projects/trackwise-7c43c/services/sqladmin.googleapis.com:enable [none]
[debug] [2024-11-30T06:55:46.889Z] >>> [apiv2][(partial)header] POST https://serviceusage.googleapis.com/v1/projects/trackwise-7c43c/services/sqladmin.googleapis.com:enable x-goog-quota-user=projects/trackwise-7c43c
[debug] [2024-11-30T06:55:47.296Z] <<< [apiv2][status] POST https://serviceusage.googleapis.com/v1/projects/trackwise-7c43c/services/sqladmin.googleapis.com:enable 200
[debug] [2024-11-30T06:55:47.296Z] <<< [apiv2][body] POST https://serviceusage.googleapis.com/v1/projects/trackwise-7c43c/services/sqladmin.googleapis.com:enable [omitted]
[debug] [2024-11-30T06:55:57.314Z] Checked if tokens are valid: true, expires at: 1732953341284
[debug] [2024-11-30T06:55:57.315Z] Checked if tokens are valid: true, expires at: 1732953341284
[debug] [2024-11-30T06:55:57.315Z] >>> [apiv2][query] GET https://serviceusage.googleapis.com/v1/projects/trackwise-7c43c/services/sqladmin.googleapis.com [none]
[debug] [2024-11-30T06:55:57.315Z] >>> [apiv2][(partial)header] GET https://serviceusage.googleapis.com/v1/projects/trackwise-7c43c/services/sqladmin.googleapis.com x-goog-quota-user=projects/trackwise-7c43c
[debug] [2024-11-30T06:55:57.847Z] <<< [apiv2][status] GET https://serviceusage.googleapis.com/v1/projects/trackwise-7c43c/services/sqladmin.googleapis.com 200
[debug] [2024-11-30T06:55:57.847Z] <<< [apiv2][body] GET https://serviceusage.googleapis.com/v1/projects/trackwise-7c43c/services/sqladmin.googleapis.com [omitted]
[info] +  dataconnect: required API sqladmin.googleapis.com is enabled 
[info] +  Wrote dataconnect\dataconnect.yaml 
[info] +  Wrote dataconnect\schema\schema.gql 
[info] +  Wrote dataconnect\connector\connector.yaml 
[info] +  Wrote dataconnect\connector\queries.gql 
[info] +  Wrote dataconnect\connector\mutations.gql 
[info] +  Detected FLUTTER app in directory D:\Conestoga BCS Year 1\Semester 3\System Analysis and Design\New folder\Group3F24 
[info] i  Wrote new config to D:\Conestoga BCS Year 1\Semester 3\System Analysis and Design\New folder\Group3F24\dataconnect\connector/connector.yaml 
[info] i  dataconnect: downloading dataconnect-emulator-1.7.3.exe... {"metadata":{"emulator":{"name":"dataconnect"},"message":"downloading dataconnect-emulator-1.7.3.exe..."}}
[debug] [2024-11-30T06:56:21.539Z] >>> [apiv2][query] GET https://storage.googleapis.com/firemat-preview-drop/emulator/dataconnect-emulator-windows-v1.7.3 
[debug] [2024-11-30T06:56:21.745Z] <<< [apiv2][status] GET https://storage.googleapis.com/firemat-preview-drop/emulator/dataconnect-emulator-windows-v1.7.3 200
[debug] [2024-11-30T06:56:21.745Z] <<< [apiv2][body] GET https://storage.googleapis.com/firemat-preview-drop/emulator/dataconnect-emulator-windows-v1.7.3 [stream]
[info] I1130 01:56:22.893766   26136 codegen.go:82] [connector "default" dartSdk] Generating sources into "D:\\Conestoga BCS Year 1\\Semester 3\\System Analysis and Design\\New folder\\Group3F24\\dataconnect-generated\\dart\\default_connector"
I1130 01:56:22.894589   26136 dartgen.go:576] Started Dart code generation for connector default
I1130 01:56:22.895124   26136 generate.go:40] Generated all sources. Writing them to disk...
I1130 01:56:22.896745   26136 collector.go:107] connector "default" dartSdk wrote into "D:\\Conestoga BCS Year 1\\Semester 3\\System Analysis and Design\\New folder\\Group3F24\\dataconnect-generated\\dart\\default_connector"
Generated sources: default.dart [580B] 

[info] i  Generated SDK code for default 
[info] +  If you'd like to add more generated SDKs to your app your later, run firebase init dataconnect:sdk again 
[info] i  If you'd like to provision a CloudSQL Postgres instance on the Firebase Data Connect no-cost trial:
1. Please upgrade to the pay-as-you-go (Blaze) billing plan. Visit the following page:
     https://console.firebase.google.com/project/trackwise-7c43c/usage/details
2. Run firebase init dataconnect again to configure the Cloud SQL instance.
3. Run firebase deploy --only dataconnect to deploy your Data Connect service. 
[info] 
=== Firestore Setup
[debug] [2024-11-30T06:56:22.911Z] Checked if tokens are valid: true, expires at: 1732953341284
[debug] [2024-11-30T06:56:22.911Z] Checked if tokens are valid: true, expires at: 1732953341284
[debug] [2024-11-30T06:56:22.912Z] >>> [apiv2][query] GET https://serviceusage.googleapis.com/v1/projects/trackwise-7c43c/services/firestore.googleapis.com [none]
[debug] [2024-11-30T06:56:22.912Z] >>> [apiv2][(partial)header] GET https://serviceusage.googleapis.com/v1/projects/trackwise-7c43c/services/firestore.googleapis.com x-goog-quota-user=projects/trackwise-7c43c
[debug] [2024-11-30T06:56:23.248Z] <<< [apiv2][status] GET https://serviceusage.googleapis.com/v1/projects/trackwise-7c43c/services/firestore.googleapis.com 200
[debug] [2024-11-30T06:56:23.248Z] <<< [apiv2][body] GET https://serviceusage.googleapis.com/v1/projects/trackwise-7c43c/services/firestore.googleapis.com [omitted]
[debug] [2024-11-30T06:56:23.248Z] Checked if tokens are valid: true, expires at: 1732953341284
[debug] [2024-11-30T06:56:23.248Z] Checked if tokens are valid: true, expires at: 1732953341284
[debug] [2024-11-30T06:56:23.249Z] >>> [apiv2][query] GET https://firestore.googleapis.com/v1/projects/trackwise-7c43c/databases/(default) [none]
[debug] [2024-11-30T06:56:23.574Z] <<< [apiv2][status] GET https://firestore.googleapis.com/v1/projects/trackwise-7c43c/databases/(default) 200
[debug] [2024-11-30T06:56:23.574Z] <<< [apiv2][body] GET https://firestore.googleapis.com/v1/projects/trackwise-7c43c/databases/(default) {"name":"projects/trackwise-7c43c/databases/(default)","uid":"fd84dcd5-1267-4dc1-b5ef-d302e7b9418f","createTime":"2024-11-27T01:16:27.871011Z","updateTime":"2024-11-27T01:16:27.871011Z","locationId":"nam5","type":"FIRESTORE_NATIVE","concurrencyMode":"PESSIMISTIC","versionRetentionPeriod":"3600s","earliestVersionTime":"2024-11-30T05:56:29.470033Z","appEngineIntegrationMode":"DISABLED","keyPrefix":"s","pointInTimeRecoveryEnablement":"POINT_IN_TIME_RECOVERY_DISABLED","deleteProtectionState":"DELETE_PROTECTION_DISABLED","etag":"IJnV9YS9g4oDMLbN1oGs+4kD"}
[debug] [2024-11-30T06:56:23.574Z] database_type: FIRESTORE_NATIVE
[debug] [2024-11-30T06:56:23.574Z] database_type: FIRESTORE_NATIVE
[debug] [2024-11-30T06:56:23.575Z] > command requires scopes: ["email","openid","https://www.googleapis.com/auth/cloudplatformprojects.readonly","https://www.googleapis.com/auth/firebase","https://www.googleapis.com/auth/cloud-platform"]
[debug] [2024-11-30T06:56:23.575Z] > authorizing via signed-in user (heniljjariwala@gmail.com)
[debug] [2024-11-30T06:56:23.575Z] [iam] checking project trackwise-7c43c for permissions ["firebase.projects.get"]
[debug] [2024-11-30T06:56:23.576Z] Checked if tokens are valid: true, expires at: 1732953341284
[debug] [2024-11-30T06:56:23.576Z] Checked if tokens are valid: true, expires at: 1732953341284
[debug] [2024-11-30T06:56:23.576Z] >>> [apiv2][query] POST https://cloudresourcemanager.googleapis.com/v1/projects/trackwise-7c43c:testIamPermissions [none]
[debug] [2024-11-30T06:56:23.576Z] >>> [apiv2][(partial)header] POST https://cloudresourcemanager.googleapis.com/v1/projects/trackwise-7c43c:testIamPermissions x-goog-quota-user=projects/trackwise-7c43c
[debug] [2024-11-30T06:56:23.576Z] >>> [apiv2][body] POST https://cloudresourcemanager.googleapis.com/v1/projects/trackwise-7c43c:testIamPermissions {"permissions":["firebase.projects.get"]}
[debug] [2024-11-30T06:56:23.861Z] <<< [apiv2][status] POST https://cloudresourcemanager.googleapis.com/v1/projects/trackwise-7c43c:testIamPermissions 200
[debug] [2024-11-30T06:56:23.861Z] <<< [apiv2][body] POST https://cloudresourcemanager.googleapis.com/v1/projects/trackwise-7c43c:testIamPermissions {"permissions":["firebase.projects.get"]}
[info] 
[info] Firestore Security Rules allow you to define how and when to allow
[info] requests. You can keep these rules in your project directory
[info] and publish them with firebase deploy.
[info] 
[debug] [2024-11-30T06:57:19.687Z] Checked if tokens are valid: true, expires at: 1732953341284
[debug] [2024-11-30T06:57:19.687Z] Checked if tokens are valid: true, expires at: 1732953341284
[debug] [2024-11-30T06:57:19.687Z] >>> [apiv2][query] GET https://firebaserules.googleapis.com/v1/projects/trackwise-7c43c/releases pageSize=10&pageToken=
[debug] [2024-11-30T06:57:20.277Z] <<< [apiv2][status] GET https://firebaserules.googleapis.com/v1/projects/trackwise-7c43c/releases 200
[debug] [2024-11-30T06:57:20.278Z] <<< [apiv2][body] GET https://firebaserules.googleapis.com/v1/projects/trackwise-7c43c/releases {"releases":[{"name":"projects/trackwise-7c43c/releases/cloud.firestore","rulesetName":"projects/trackwise-7c43c/rulesets/4b5079a2-0186-444b-9377-ffd229f481ea","createTime":"2024-11-27T01:16:29.784225Z","updateTime":"2024-11-30T06:51:17.238525Z"}]}
[debug] [2024-11-30T06:57:20.278Z] Found ruleset: projects/trackwise-7c43c/rulesets/4b5079a2-0186-444b-9377-ffd229f481ea
[debug] [2024-11-30T06:57:20.278Z] Checked if tokens are valid: true, expires at: 1732953341284
[debug] [2024-11-30T06:57:20.278Z] Checked if tokens are valid: true, expires at: 1732953341284
[debug] [2024-11-30T06:57:20.278Z] >>> [apiv2][query] GET https://firebaserules.googleapis.com/v1/projects/trackwise-7c43c/rulesets/4b5079a2-0186-444b-9377-ffd229f481ea [none]
[debug] [2024-11-30T06:57:20.481Z] <<< [apiv2][status] GET https://firebaserules.googleapis.com/v1/projects/trackwise-7c43c/rulesets/4b5079a2-0186-444b-9377-ffd229f481ea 200
[debug] [2024-11-30T06:57:20.481Z] <<< [apiv2][body] GET https://firebaserules.googleapis.com/v1/projects/trackwise-7c43c/rulesets/4b5079a2-0186-444b-9377-ffd229f481ea [omitted]
[info] 
[info] Firestore indexes allow you to perform complex queries while
[info] maintaining performance that scales with the size of the result
[info] set. You can keep index definitions in your project directory
[info] and publish them with firebase deploy.
[info] 
[debug] [2024-11-30T06:57:28.053Z] Checked if tokens are valid: true, expires at: 1732953341284
[debug] [2024-11-30T06:57:28.054Z] Checked if tokens are valid: true, expires at: 1732953341284
[debug] [2024-11-30T06:57:28.054Z] Checked if tokens are valid: true, expires at: 1732953341284
[debug] [2024-11-30T06:57:28.054Z] Checked if tokens are valid: true, expires at: 1732953341284
[debug] [2024-11-30T06:57:28.054Z] >>> [apiv2][query] GET https://firestore.googleapis.com/v1/projects/trackwise-7c43c/databases/(default)/collectionGroups/-/indexes [none]
[debug] [2024-11-30T06:57:28.056Z] >>> [apiv2][query] GET https://firestore.googleapis.com/v1/projects/trackwise-7c43c/databases/(default)/collectionGroups/-/fields?filter=indexConfig.usesAncestorConfig=false OR ttlConfig:* [none]
[debug] [2024-11-30T06:57:28.676Z] <<< [apiv2][status] GET https://firestore.googleapis.com/v1/projects/trackwise-7c43c/databases/(default)/collectionGroups/-/fields?filter=indexConfig.usesAncestorConfig=false OR ttlConfig:* 200
[debug] [2024-11-30T06:57:28.676Z] <<< [apiv2][body] GET https://firestore.googleapis.com/v1/projects/trackwise-7c43c/databases/(default)/collectionGroups/-/fields?filter=indexConfig.usesAncestorConfig=false OR ttlConfig:* {"fields":[{"name":"projects/trackwise-7c43c/databases/(default)/collectionGroups/__default__/fields/*","indexConfig":{"indexes":[{"queryScope":"COLLECTION","fields":[{"fieldPath":"*","order":"ASCENDING"}],"state":"READY"},{"queryScope":"COLLECTION","fields":[{"fieldPath":"*","order":"DESCENDING"}],"state":"READY"},{"queryScope":"COLLECTION","fields":[{"fieldPath":"*","arrayConfig":"CONTAINS"}],"state":"READY"}]}}]}
[debug] [2024-11-30T06:57:28.676Z] <<< [apiv2][status] GET https://firestore.googleapis.com/v1/projects/trackwise-7c43c/databases/(default)/collectionGroups/-/indexes 200
[debug] [2024-11-30T06:57:28.677Z] <<< [apiv2][body] GET https://firestore.googleapis.com/v1/projects/trackwise-7c43c/databases/(default)/collectionGroups/-/indexes {}
[info] 
=== Functions Setup
[debug] [2024-11-30T06:57:28.679Z] > command requires scopes: ["email","openid","https://www.googleapis.com/auth/cloudplatformprojects.readonly","https://www.googleapis.com/auth/firebase","https://www.googleapis.com/auth/cloud-platform"]
[debug] [2024-11-30T06:57:28.679Z] > authorizing via signed-in user (heniljjariwala@gmail.com)
[debug] [2024-11-30T06:57:28.680Z] [iam] checking project trackwise-7c43c for permissions ["firebase.projects.get"]
[debug] [2024-11-30T06:57:28.680Z] Checked if tokens are valid: true, expires at: 1732953341284
[debug] [2024-11-30T06:57:28.680Z] Checked if tokens are valid: true, expires at: 1732953341284
[debug] [2024-11-30T06:57:28.680Z] >>> [apiv2][query] POST https://cloudresourcemanager.googleapis.com/v1/projects/trackwise-7c43c:testIamPermissions [none]
[debug] [2024-11-30T06:57:28.680Z] >>> [apiv2][(partial)header] POST https://cloudresourcemanager.googleapis.com/v1/projects/trackwise-7c43c:testIamPermissions x-goog-quota-user=projects/trackwise-7c43c
[debug] [2024-11-30T06:57:28.681Z] >>> [apiv2][body] POST https://cloudresourcemanager.googleapis.com/v1/projects/trackwise-7c43c:testIamPermissions {"permissions":["firebase.projects.get"]}
[debug] [2024-11-30T06:57:29.083Z] <<< [apiv2][status] POST https://cloudresourcemanager.googleapis.com/v1/projects/trackwise-7c43c:testIamPermissions 200
[debug] [2024-11-30T06:57:29.083Z] <<< [apiv2][body] POST https://cloudresourcemanager.googleapis.com/v1/projects/trackwise-7c43c:testIamPermissions {"permissions":["firebase.projects.get"]}
[debug] [2024-11-30T06:57:29.083Z] Checked if tokens are valid: true, expires at: 1732953341284
[debug] [2024-11-30T06:57:29.083Z] Checked if tokens are valid: true, expires at: 1732953341284
[debug] [2024-11-30T06:57:29.083Z] Checked if tokens are valid: true, expires at: 1732953341284
[debug] [2024-11-30T06:57:29.083Z] Checked if tokens are valid: true, expires at: 1732953341284
[debug] [2024-11-30T06:57:29.084Z] >>> [apiv2][query] GET https://serviceusage.googleapis.com/v1/projects/trackwise-7c43c/services/cloudfunctions.googleapis.com [none]
[debug] [2024-11-30T06:57:29.084Z] >>> [apiv2][(partial)header] GET https://serviceusage.googleapis.com/v1/projects/trackwise-7c43c/services/cloudfunctions.googleapis.com x-goog-quota-user=projects/trackwise-7c43c
[debug] [2024-11-30T06:57:29.086Z] >>> [apiv2][query] GET https://serviceusage.googleapis.com/v1/projects/trackwise-7c43c/services/runtimeconfig.googleapis.com [none]
[debug] [2024-11-30T06:57:29.086Z] >>> [apiv2][(partial)header] GET https://serviceusage.googleapis.com/v1/projects/trackwise-7c43c/services/runtimeconfig.googleapis.com x-goog-quota-user=projects/trackwise-7c43c
[debug] [2024-11-30T06:57:29.496Z] <<< [apiv2][status] GET https://serviceusage.googleapis.com/v1/projects/trackwise-7c43c/services/cloudfunctions.googleapis.com 200
[debug] [2024-11-30T06:57:29.497Z] <<< [apiv2][body] GET https://serviceusage.googleapis.com/v1/projects/trackwise-7c43c/services/cloudfunctions.googleapis.com [omitted]
[debug] [2024-11-30T06:57:29.497Z] Checked if tokens are valid: true, expires at: 1732953341284
[debug] [2024-11-30T06:57:29.497Z] Checked if tokens are valid: true, expires at: 1732953341284
[debug] [2024-11-30T06:57:29.497Z] >>> [apiv2][query] POST https://serviceusage.googleapis.com/v1/projects/trackwise-7c43c/services/cloudfunctions.googleapis.com:enable [none]
[debug] [2024-11-30T06:57:29.497Z] >>> [apiv2][(partial)header] POST https://serviceusage.googleapis.com/v1/projects/trackwise-7c43c/services/cloudfunctions.googleapis.com:enable x-goog-quota-user=projects/trackwise-7c43c
[debug] [2024-11-30T06:57:29.499Z] <<< [apiv2][status] GET https://serviceusage.googleapis.com/v1/projects/trackwise-7c43c/services/runtimeconfig.googleapis.com 200
[debug] [2024-11-30T06:57:29.499Z] <<< [apiv2][body] GET https://serviceusage.googleapis.com/v1/projects/trackwise-7c43c/services/runtimeconfig.googleapis.com [omitted]
[debug] [2024-11-30T06:57:30.006Z] <<< [apiv2][status] POST https://serviceusage.googleapis.com/v1/projects/trackwise-7c43c/services/cloudfunctions.googleapis.com:enable 200
[debug] [2024-11-30T06:57:30.006Z] <<< [apiv2][body] POST https://serviceusage.googleapis.com/v1/projects/trackwise-7c43c/services/cloudfunctions.googleapis.com:enable [omitted]
[debug] [2024-11-30T06:57:40.014Z] Checked if tokens are valid: true, expires at: 1732953341284
[debug] [2024-11-30T06:57:40.015Z] Checked if tokens are valid: true, expires at: 1732953341284
[debug] [2024-11-30T06:57:40.015Z] >>> [apiv2][query] GET https://serviceusage.googleapis.com/v1/projects/trackwise-7c43c/services/cloudfunctions.googleapis.com [none]
[debug] [2024-11-30T06:57:40.015Z] >>> [apiv2][(partial)header] GET https://serviceusage.googleapis.com/v1/projects/trackwise-7c43c/services/cloudfunctions.googleapis.com x-goog-quota-user=projects/trackwise-7c43c
[debug] [2024-11-30T06:57:40.554Z] <<< [apiv2][status] GET https://serviceusage.googleapis.com/v1/projects/trackwise-7c43c/services/cloudfunctions.googleapis.com 200
[debug] [2024-11-30T06:57:40.554Z] <<< [apiv2][body] GET https://serviceusage.googleapis.com/v1/projects/trackwise-7c43c/services/cloudfunctions.googleapis.com [omitted]
[info] Let's create a new codebase for your functions.
[info] A directory corresponding to the codebase will be created in your project
[info] with sample code pre-configured.

[info] See https://firebase.google.com/docs/functions/organize-functions for
[info] more information on organizing your functions using codebases.

[info] Functions can be deployed with firebase deploy.

[info] +  Wrote functions/requirements.txt 
[info] +  Wrote functions/.gitignore 
[info] +  Wrote functions/main.py 
[debug] [2024-11-30T06:58:10.938Z] Running command with virtualenv: command="D:\Conestoga BCS Year 1\Semester 3\System Analysis and Design\New folder\Group3F24\functions\venv\Scripts\activate.bat", args=["","&&","pip3","install","--upgrade","pip"]
[debug] [2024-11-30T06:58:15.684Z] Error: spawn "D:\Conestoga BCS Year 1\Semester 3\System Analysis and Design\New folder\Group3F24\functions\venv\Scripts\activate.bat" ENOENT
    at notFoundError (C:\Users\hp\AppData\Roaming\npm\node_modules\firebase-tools\node_modules\cross-spawn\lib\enoent.js:6:26)
    at verifyENOENT (C:\Users\hp\AppData\Roaming\npm\node_modules\firebase-tools\node_modules\cross-spawn\lib\enoent.js:40:16)
    at cp.emit (C:\Users\hp\AppData\Roaming\npm\node_modules\firebase-tools\node_modules\cross-spawn\lib\enoent.js:27:25)
    at ChildProcess._handle.onexit (node:internal/child_process:294:12)
[error] 
[error] Error: An unexpected error has occurred.
